#
# There is insufficient memory for the Java Runtime Environment to continue.
# Native memory allocation (malloc) failed to allocate 60736 bytes. Error detail: Chunk::new
# Possible reasons:
#   The system is out of physical RAM or swap space
#   This process is running with CompressedOops enabled, and the Java Heap may be blocking the growth of the native heap
# Possible solutions:
#   Reduce memory load on the system
#   Increase physical memory or swap space
#   Check if swap backing store is full
#   Decrease Java heap size (-Xmx/-Xms)
#   Decrease number of Java threads
#   Decrease Java thread stack sizes (-Xss)
#   Set larger code cache with -XX:ReservedCodeCacheSize=
#   JVM is running with Unscaled Compressed Oops mode in which the Java heap is
#     placed in the first 4GB address space. The Java Heap base address is the
#     maximum limit for the native heap growth. Please use -XX:HeapBaseMinAddress
#     to set the Java Heap base and to place the Java Heap above 4GB virtual address.
# This output file may be truncated or incomplete.
#
#  Out of Memory Error (arena.cpp:191), pid=3656, tid=232
#
# JRE version: OpenJDK Runtime Environment Temurin-17.0.13+11 (17.0.13+11) (build 17.0.13+11)
# Java VM: OpenJDK 64-Bit Server VM Temurin-17.0.13+11 (17.0.13+11, mixed mode, sharing, tiered, compressed oops, compressed class ptrs, g1 gc, windows-amd64)
# No core dump will be written. Minidumps are not enabled by default on client versions of Windows
#

---------------  S U M M A R Y ------------

Command Line: -Dorg.bouncycastle.pkcs12.ignore_useless_passwd=true C:\Users\cz 3\.sonar\cache\5370664af11ed9502c5e9da2fca3e7b2465b6b01c7248962ef899d0551837b42\sonar-scanner-engine-shaded-25.10.0.114319-all.jar

Host: Intel(R) Celeron(R) N4020 CPU @ 1.10GHz, 2 cores, 3G,  Windows 11 , 64 bit Build 22621 (10.0.22621.5415)
Time: Mon Nov  3 17:49:30 2025 Pakistan Standard Time elapsed time: 117.066497 seconds (0d 0h 1m 57s)

---------------  T H R E A D  ---------------

Current thread (0x00000190f8f7e350):  JavaThread "C2 CompilerThread0" daemon [_thread_in_native, id=232, stack(0x0000003a04f00000,0x0000003a05000000)]


Current CompileTask:
C2: 117066 6005       4       org.apache.commons.text.translate.AggregateTranslator::translate (56 bytes)

Stack: [0x0000003a04f00000,0x0000003a05000000]
Native frames: (J=compiled Java code, j=interpreted, Vv=VM code, C=native code)
V  [jvm.dll+0x682a19]
V  [jvm.dll+0x839538]
V  [jvm.dll+0x83afe3]
V  [jvm.dll+0x83b653]
V  [jvm.dll+0x24704f]
V  [jvm.dll+0xace34]
V  [jvm.dll+0xad4cc]
V  [jvm.dll+0x36597e]
V  [jvm.dll+0x1ba40b]
V  [jvm.dll+0x2181a7]
V  [jvm.dll+0x21748f]
V  [jvm.dll+0x1a3070]
V  [jvm.dll+0x22788c]
V  [jvm.dll+0x2259eb]
V  [jvm.dll+0x7eec98]
V  [jvm.dll+0x7e8ffc]
V  [jvm.dll+0x6818f7]
C  [ucrtbase.dll+0x29333]
C  [KERNEL32.DLL+0x1259d]
C  [ntdll.dll+0x5af78]


---------------  P R O C E S S  ---------------

Threads class SMR info:
_java_thread_list=0x00000190f9677250, length=22, elements={
0x00000190efac8bf0, 0x00000190f8f63100, 0x00000190f8f63f80, 0x00000190f8f743b0,
0x00000190f8f76ea0, 0x00000190f8f7a1f0, 0x00000190f8f7b120, 0x00000190f8f7e350,
0x00000190f8f7ed10, 0x00000190f8f81a30, 0x00000190f8f7ac10, 0x00000190f8f7a700,
0x00000190f8f7b630, 0x00000190f8f7c560, 0x00000190d0281190, 0x00000190d02820c0,
0x00000190d0285360, 0x00000190d0281bb0, 0x00000190d0284430, 0x00000190d0284940,
0x00000190d0283a10, 0x00000190d0287be0
}

Java Threads: ( => current thread )
  0x00000190efac8bf0 JavaThread "main" [_thread_in_native, id=13888, stack(0x0000003a04200000,0x0000003a04300000)]
  0x00000190f8f63100 JavaThread "Reference Handler" daemon [_thread_blocked, id=13172, stack(0x0000003a04900000,0x0000003a04a00000)]
  0x00000190f8f63f80 JavaThread "Finalizer" daemon [_thread_blocked, id=10480, stack(0x0000003a04a00000,0x0000003a04b00000)]
  0x00000190f8f743b0 JavaThread "Signal Dispatcher" daemon [_thread_blocked, id=10824, stack(0x0000003a04b00000,0x0000003a04c00000)]
  0x00000190f8f76ea0 JavaThread "Attach Listener" daemon [_thread_blocked, id=516, stack(0x0000003a04c00000,0x0000003a04d00000)]
  0x00000190f8f7a1f0 JavaThread "Service Thread" daemon [_thread_blocked, id=7284, stack(0x0000003a04d00000,0x0000003a04e00000)]
  0x00000190f8f7b120 JavaThread "Monitor Deflation Thread" daemon [_thread_blocked, id=5000, stack(0x0000003a04e00000,0x0000003a04f00000)]
=>0x00000190f8f7e350 JavaThread "C2 CompilerThread0" daemon [_thread_in_native, id=232, stack(0x0000003a04f00000,0x0000003a05000000)]
  0x00000190f8f7ed10 JavaThread "C1 CompilerThread0" daemon [_thread_blocked, id=5700, stack(0x0000003a05000000,0x0000003a05100000)]
  0x00000190f8f81a30 JavaThread "Sweeper thread" daemon [_thread_blocked, id=13876, stack(0x0000003a05100000,0x0000003a05200000)]
  0x00000190f8f7ac10 JavaThread "Notification Thread" daemon [_thread_blocked, id=12568, stack(0x0000003a05200000,0x0000003a05300000)]
  0x00000190f8f7a700 JavaThread "Common-Cleaner" daemon [_thread_blocked, id=2712, stack(0x0000003a05400000,0x0000003a05500000)]
  0x00000190f8f7b630 JavaThread "OkHttp TaskRunner" daemon [_thread_blocked, id=7624, stack(0x0000003a05900000,0x0000003a05a00000)]
  0x00000190f8f7c560 JavaThread "Okio Watchdog" daemon [_thread_blocked, id=3788, stack(0x0000003a05a00000,0x0000003a05b00000)]
  0x00000190d0281190 JavaThread "JGit-WorkQueue" daemon [_thread_blocked, id=11600, stack(0x0000003a05c00000,0x0000003a05d00000)]
  0x00000190d02820c0 JavaThread "HttpClient-1-SelectorManager" daemon [_thread_in_native, id=11896, stack(0x0000003a05b00000,0x0000003a05c00000)]
  0x00000190d0285360 JavaThread "nodejs-stream-consumer" daemon [_thread_blocked, id=11620, stack(0x0000003a04000000,0x0000003a04100000)]
  0x00000190d0281bb0 JavaThread "nodejs-stream-consumer" daemon [_thread_blocked, id=9916, stack(0x0000003a04100000,0x0000003a04200000)]
  0x00000190d0284430 JavaThread "HttpClient-1-Worker-0" daemon [_thread_blocked, id=9568, stack(0x0000003a05f00000,0x0000003a06000000)]
  0x00000190d0284940 JavaThread "HttpClient-1-Worker-1" daemon [_thread_blocked, id=5068, stack(0x0000003a06000000,0x0000003a06100000)]
  0x00000190d0283a10 JavaThread "HttpClient-1-Worker-2" daemon [_thread_blocked, id=14932, stack(0x0000003a06100000,0x0000003a06200000)]
  0x00000190d0287be0 JavaThread "pool-4-thread-1" [_thread_blocked, id=10300, stack(0x0000003a06200000,0x0000003a06300000)]

Other Threads:
  0x00000190efb78a30 VMThread "VM Thread" [stack: 0x0000003a04800000,0x0000003a04900000] [id=5252]
  0x00000190f91e6080 WatcherThread [stack: 0x0000003a05300000,0x0000003a05400000] [id=5292]
  0x00000190efb051f0 GCTaskThread "GC Thread#0" [stack: 0x0000003a04300000,0x0000003a04400000] [id=10880]
  0x00000190f93a2970 GCTaskThread "GC Thread#1" [stack: 0x0000003a05500000,0x0000003a05600000] [id=8828]
  0x00000190efb0db80 ConcurrentGCThread "G1 Main Marker" [stack: 0x0000003a04400000,0x0000003a04500000] [id=13080]
  0x00000190efb0ed40 ConcurrentGCThread "G1 Conc#0" [stack: 0x0000003a04500000,0x0000003a04600000] [id=5544]
  0x00000190efb47ef0 ConcurrentGCThread "G1 Refine#0" [stack: 0x0000003a04600000,0x0000003a04700000] [id=14816]
  0x00000190f9647070 ConcurrentGCThread "G1 Refine#1" [stack: 0x0000003a05700000,0x0000003a05800000] [id=8648]
  0x00000190efb48920 ConcurrentGCThread "G1 Service" [stack: 0x0000003a04700000,0x0000003a04800000] [id=13108]

Threads with active compile tasks:
C2 CompilerThread0   117113 6005       4       org.apache.commons.text.translate.AggregateTranslator::translate (56 bytes)

VM state: not at safepoint (normal execution)

VM Mutex/Monitor currently owned by a thread: None

Heap address: 0x00000000c2e00000, size: 978 MB, Compressed Oops mode: 32-bit

CDS archive(s) mapped at: [0x000001908f000000-0x000001908fa50000-0x000001908fa50000), size 10813440, SharedBaseAddress: 0x000001908f000000, ArchiveRelocationMode: 1.
Compressed class space mapped at: 0x0000019090000000-0x00000190d0000000, reserved size: 1073741824
Narrow klass base: 0x000001908f000000, Narrow klass shift: 0, Narrow klass range: 0x100000000

GC Precious Log:
 CPUs: 2 total, 2 available
 Memory: 3911M
 Large Page Support: Disabled
 NUMA Support: Disabled
 Compressed Oops: Enabled (32-bit)
 Heap Region Size: 1M
 Heap Min Capacity: 8M
 Heap Initial Capacity: 62M
 Heap Max Capacity: 978M
 Pre-touch: Disabled
 Parallel Workers: 2
 Concurrent Workers: 1
 Concurrent Refinement Workers: 2
 Periodic GC: Disabled

Heap:
 garbage-first heap   total 55296K, used 30443K [0x00000000c2e00000, 0x0000000100000000)
  region size 1024K, 4 young (4096K), 2 survivors (2048K)
 Metaspace       used 41892K, committed 42432K, reserved 1114112K
  class space    used 5128K, committed 5376K, reserved 1048576K

Heap Regions: E=young(eden), S=young(survivor), O=old, HS=humongous(starts), HC=humongous(continues), CS=collection set, F=free, OA=open archive, CA=closed archive, TAMS=top-at-mark-start (previous, next)
|   0|0x00000000c2e00000, 0x00000000c2f00000, 0x00000000c2f00000|100%| O|  |TAMS 0x00000000c2f00000, 0x00000000c2e00000| Untracked 
|   1|0x00000000c2f00000, 0x00000000c3000000, 0x00000000c3000000|100%| O|  |TAMS 0x00000000c3000000, 0x00000000c2f00000| Untracked 
|   2|0x00000000c3000000, 0x00000000c3100000, 0x00000000c3100000|100%| O|  |TAMS 0x00000000c3100000, 0x00000000c3000000| Untracked 
|   3|0x00000000c3100000, 0x00000000c3200000, 0x00000000c3200000|100%|HS|  |TAMS 0x00000000c3200000, 0x00000000c3100000| Complete 
|   4|0x00000000c3200000, 0x00000000c3300000, 0x00000000c3300000|100%|HC|  |TAMS 0x00000000c3300000, 0x00000000c3200000| Complete 
|   5|0x00000000c3300000, 0x00000000c3400000, 0x00000000c3400000|100%|HC|  |TAMS 0x00000000c3400000, 0x00000000c3300000| Complete 
|   6|0x00000000c3400000, 0x00000000c3500000, 0x00000000c3500000|100%| O|  |TAMS 0x00000000c3500000, 0x00000000c3400000| Untracked 
|   7|0x00000000c3500000, 0x00000000c3600000, 0x00000000c3600000|100%| O|  |TAMS 0x00000000c3600000, 0x00000000c3500000| Untracked 
|   8|0x00000000c3600000, 0x00000000c3700000, 0x00000000c3700000|100%| O|  |TAMS 0x00000000c3700000, 0x00000000c3600000| Untracked 
|   9|0x00000000c3700000, 0x00000000c3800000, 0x00000000c3800000|100%| O|  |TAMS 0x00000000c3800000, 0x00000000c3700000| Untracked 
|  10|0x00000000c3800000, 0x00000000c3900000, 0x00000000c3900000|100%| O|  |TAMS 0x00000000c3900000, 0x00000000c3800000| Untracked 
|  11|0x00000000c3900000, 0x00000000c3a00000, 0x00000000c3a00000|100%| O|  |TAMS 0x00000000c3a00000, 0x00000000c3900000| Untracked 
|  12|0x00000000c3a00000, 0x00000000c3b00000, 0x00000000c3b00000|100%| O|  |TAMS 0x00000000c3b00000, 0x00000000c3a00000| Untracked 
|  13|0x00000000c3b00000, 0x00000000c3c00000, 0x00000000c3c00000|100%| O|  |TAMS 0x00000000c3c00000, 0x00000000c3b00000| Untracked 
|  14|0x00000000c3c00000, 0x00000000c3d00000, 0x00000000c3d00000|100%| O|  |TAMS 0x00000000c3d00000, 0x00000000c3c00000| Untracked 
|  15|0x00000000c3d00000, 0x00000000c3e00000, 0x00000000c3e00000|100%| O|  |TAMS 0x00000000c3e00000, 0x00000000c3d00000| Untracked 
|  16|0x00000000c3e00000, 0x00000000c3f00000, 0x00000000c3f00000|100%| O|  |TAMS 0x00000000c3f00000, 0x00000000c3e00000| Untracked 
|  17|0x00000000c3f00000, 0x00000000c4000000, 0x00000000c4000000|100%| O|  |TAMS 0x00000000c4000000, 0x00000000c3f00000| Untracked 
|  18|0x00000000c4000000, 0x00000000c4100000, 0x00000000c4100000|100%| O|  |TAMS 0x00000000c4100000, 0x00000000c4000000| Untracked 
|  19|0x00000000c4100000, 0x00000000c4200000, 0x00000000c4200000|100%| O|  |TAMS 0x00000000c4200000, 0x00000000c4100000| Untracked 
|  20|0x00000000c4200000, 0x00000000c4300000, 0x00000000c4300000|100%| O|  |TAMS 0x00000000c4300000, 0x00000000c4200000| Untracked 
|  21|0x00000000c4300000, 0x00000000c4400000, 0x00000000c4400000|100%| O|  |TAMS 0x00000000c4400000, 0x00000000c4300000| Untracked 
|  22|0x00000000c4400000, 0x00000000c4500000, 0x00000000c4500000|100%| O|  |TAMS 0x00000000c4500000, 0x00000000c4400000| Untracked 
|  23|0x00000000c4500000, 0x00000000c4600000, 0x00000000c4600000|100%| O|  |TAMS 0x00000000c4600000, 0x00000000c4500000| Untracked 
|  24|0x00000000c4600000, 0x00000000c4700000, 0x00000000c4700000|100%| O|  |TAMS 0x00000000c4700000, 0x00000000c4600000| Untracked 
|  25|0x00000000c4700000, 0x00000000c47bc800, 0x00000000c4800000| 73%| O|  |TAMS 0x00000000c47bc800, 0x00000000c4700000| Untracked 
|  26|0x00000000c4800000, 0x00000000c4900000, 0x00000000c4900000|100%|HS|  |TAMS 0x00000000c4800000, 0x00000000c4800000| Complete 
|  27|0x00000000c4900000, 0x00000000c4900000, 0x00000000c4a00000|  0%| F|  |TAMS 0x00000000c4900000, 0x00000000c4900000| Untracked 
|  28|0x00000000c4a00000, 0x00000000c4a00000, 0x00000000c4b00000|  0%| F|  |TAMS 0x00000000c4a00000, 0x00000000c4a00000| Untracked 
|  29|0x00000000c4b00000, 0x00000000c4b00000, 0x00000000c4c00000|  0%| F|  |TAMS 0x00000000c4b00000, 0x00000000c4b00000| Untracked 
|  30|0x00000000c4c00000, 0x00000000c4c00000, 0x00000000c4d00000|  0%| F|  |TAMS 0x00000000c4c00000, 0x00000000c4c00000| Untracked 
|  31|0x00000000c4d00000, 0x00000000c4d00000, 0x00000000c4e00000|  0%| F|  |TAMS 0x00000000c4d00000, 0x00000000c4d00000| Untracked 
|  32|0x00000000c4e00000, 0x00000000c4e00000, 0x00000000c4f00000|  0%| F|  |TAMS 0x00000000c4e00000, 0x00000000c4e00000| Untracked 
|  33|0x00000000c4f00000, 0x00000000c4f00000, 0x00000000c5000000|  0%| F|  |TAMS 0x00000000c4f00000, 0x00000000c4f00000| Untracked 
|  34|0x00000000c5000000, 0x00000000c5000000, 0x00000000c5100000|  0%| F|  |TAMS 0x00000000c5000000, 0x00000000c5000000| Untracked 
|  35|0x00000000c5100000, 0x00000000c5100000, 0x00000000c5200000|  0%| F|  |TAMS 0x00000000c5100000, 0x00000000c5100000| Untracked 
|  36|0x00000000c5200000, 0x00000000c5200000, 0x00000000c5300000|  0%| F|  |TAMS 0x00000000c5200000, 0x00000000c5200000| Untracked 
|  37|0x00000000c5300000, 0x00000000c5300000, 0x00000000c5400000|  0%| F|  |TAMS 0x00000000c5300000, 0x00000000c5300000| Untracked 
|  38|0x00000000c5400000, 0x00000000c5400000, 0x00000000c5500000|  0%| F|  |TAMS 0x00000000c5400000, 0x00000000c5400000| Untracked 
|  39|0x00000000c5500000, 0x00000000c5500000, 0x00000000c5600000|  0%| F|  |TAMS 0x00000000c5500000, 0x00000000c5500000| Untracked 
|  40|0x00000000c5600000, 0x00000000c56fe6c0, 0x00000000c5700000| 99%| S|CS|TAMS 0x00000000c5600000, 0x00000000c5600000| Complete 
|  41|0x00000000c5700000, 0x00000000c5800000, 0x00000000c5800000|100%| S|CS|TAMS 0x00000000c5700000, 0x00000000c5700000| Complete 
|  42|0x00000000c5800000, 0x00000000c5800000, 0x00000000c5900000|  0%| F|  |TAMS 0x00000000c5800000, 0x00000000c5800000| Untracked 
|  43|0x00000000c5900000, 0x00000000c5900000, 0x00000000c5a00000|  0%| F|  |TAMS 0x00000000c5900000, 0x00000000c5900000| Untracked 
|  44|0x00000000c5a00000, 0x00000000c5a00000, 0x00000000c5b00000|  0%| F|  |TAMS 0x00000000c5a00000, 0x00000000c5a00000| Untracked 
|  45|0x00000000c5b00000, 0x00000000c5b00000, 0x00000000c5c00000|  0%| F|  |TAMS 0x00000000c5b00000, 0x00000000c5b00000| Untracked 
|  46|0x00000000c5c00000, 0x00000000c5c00000, 0x00000000c5d00000|  0%| F|  |TAMS 0x00000000c5c00000, 0x00000000c5c00000| Untracked 
|  47|0x00000000c5d00000, 0x00000000c5d00000, 0x00000000c5e00000|  0%| F|  |TAMS 0x00000000c5d00000, 0x00000000c5d00000| Untracked 
|  48|0x00000000c5e00000, 0x00000000c5e00000, 0x00000000c5f00000|  0%| F|  |TAMS 0x00000000c5e00000, 0x00000000c5e00000| Untracked 
|  49|0x00000000c5f00000, 0x00000000c5f00000, 0x00000000c6000000|  0%| F|  |TAMS 0x00000000c5f00000, 0x00000000c5f00000| Untracked 
|  50|0x00000000c6000000, 0x00000000c6000000, 0x00000000c6100000|  0%| F|  |TAMS 0x00000000c6000000, 0x00000000c6000000| Untracked 
|  51|0x00000000c6100000, 0x00000000c6100000, 0x00000000c6200000|  0%| F|  |TAMS 0x00000000c6100000, 0x00000000c6100000| Untracked 
|  52|0x00000000c6200000, 0x00000000c62c2920, 0x00000000c6300000| 76%| E|  |TAMS 0x00000000c6200000, 0x00000000c6200000| Complete 
|  61|0x00000000c6b00000, 0x00000000c6c00000, 0x00000000c6c00000|100%| E|CS|TAMS 0x00000000c6b00000, 0x00000000c6b00000| Complete 

Card table byte_map: [0x00000190f4ab0000,0x00000190f4ca0000] _byte_map_base: 0x00000190f4499000

Marking Bits (Prev, Next): (CMBitMap*) 0x00000190efb05810, (CMBitMap*) 0x00000190efb05850
 Prev Bits: [0x00000190f4e90000, 0x00000190f5dd8000)
 Next Bits: [0x00000190f5de0000, 0x00000190f6d28000)

Polling page: 0x00000190ef280000

Metaspace:

Usage:
  Non-class:     35.90 MB used.
      Class:      5.01 MB used.
       Both:     40.91 MB used.

Virtual space:
  Non-class space:       64.00 MB reserved,      36.19 MB ( 57%) committed,  1 nodes.
      Class space:        1.00 GB reserved,       5.25 MB ( <1%) committed,  1 nodes.
             Both:        1.06 GB reserved,      41.44 MB (  4%) committed. 

Chunk freelists:
   Non-Class:  11.36 MB
       Class:  10.79 MB
        Both:  22.14 MB

MaxMetaspaceSize: unlimited
CompressedClassSpaceSize: 1.00 GB
Initial GC threshold: 21.00 MB
Current GC threshold: 68.88 MB
CDS: on
MetaspaceReclaimPolicy: balanced
 - commit_granule_bytes: 65536.
 - commit_granule_words: 8192.
 - virtual_space_node_default_size: 8388608.
 - enlarge_chunks_in_place: 1.
 - new_chunks_are_fully_committed: 0.
 - uncommit_free_chunks: 1.
 - use_allocation_guard: 0.
 - handle_deallocations: 1.


Internal statistics:

num_allocs_failed_limit: 6.
num_arena_births: 438.
num_arena_deaths: 0.
num_vsnodes_births: 2.
num_vsnodes_deaths: 0.
num_space_committed: 663.
num_space_uncommitted: 0.
num_chunks_returned_to_freelist: 6.
num_chunks_taken_from_freelist: 1881.
num_chunk_merges: 3.
num_chunk_splits: 1305.
num_chunks_enlarged: 1008.
num_inconsistent_stats: 0.

CodeHeap 'non-profiled nmethods': size=120064Kb used=2570Kb max_used=2767Kb free=117493Kb
 bounds [0x0000019087ac0000, 0x0000019087d80000, 0x000001908f000000]
CodeHeap 'profiled nmethods': size=120000Kb used=10178Kb max_used=11214Kb free=109821Kb
 bounds [0x0000019080000000, 0x0000019080b00000, 0x0000019087530000]
CodeHeap 'non-nmethods': size=5696Kb used=1283Kb max_used=1334Kb free=4412Kb
 bounds [0x0000019087530000, 0x00000190877a0000, 0x0000019087ac0000]
 total_blobs=5684 nmethods=5080 adapters=517
 compilation: enabled
              stopped_count=0, restarted_count=0
 full_count=0

Compilation events (20 events):
Event: 96.574 Thread 0x00000190f8f7ed10 nmethod 5994 0x000001908052b810 code [0x000001908052b9c0, 0x000001908052bb78]
Event: 96.574 Thread 0x00000190f8f7ed10 5995       3       java.util.stream.FindOps$FindSink$OfRef::get (5 bytes)
Event: 96.574 Thread 0x00000190f8f7ed10 nmethod 5995 0x0000019080825a10 code [0x0000019080825c00, 0x0000019080826128]
Event: 101.572 Thread 0x00000190f8f7ed10 5996       3       jdk.internal.net.http.common.Log::channel (16 bytes)
Event: 101.573 Thread 0x00000190f8f7ed10 nmethod 5996 0x0000019080825690 code [0x0000019080825820, 0x0000019080825978]
Event: 101.573 Thread 0x00000190f8f7ed10 5997   !   3       java.nio.channels.spi.AbstractSelectableChannel::keyFor (20 bytes)
Event: 101.573 Thread 0x00000190f8f7ed10 nmethod 5997 0x0000019080825190 code [0x0000019080825340, 0x0000019080825568]
Event: 101.573 Thread 0x00000190f8f7ed10 5998       3       jdk.internal.net.http.MultiExchange::requestCancelled (16 bytes)
Event: 101.573 Thread 0x00000190f8f7ed10 nmethod 5998 0x0000019080824d90 code [0x0000019080824f20, 0x0000019080825098]
Event: 101.574 Thread 0x00000190f8f7ed10 5999       3       java.util.concurrent.CompletableFuture$UniCompletion::<init> (20 bytes)
Event: 101.574 Thread 0x00000190f8f7ed10 nmethod 5999 0x0000019080824790 code [0x0000019080824940, 0x0000019080824c78]
Event: 111.570 Thread 0x00000190f8f7e350 6000       4       java.util.AbstractSet::<init> (5 bytes)
Event: 111.571 Thread 0x00000190f8f7e350 nmethod 6000 0x0000019087c81b90 code [0x0000019087c81d00, 0x0000019087c81d78]
Event: 116.292 Thread 0x00000190f8f7ed10 6001   !   3       java.io.BufferedReader::readLine (327 bytes)
Event: 116.294 Thread 0x00000190f8f7ed10 nmethod 6001 0x000001908080a410 code [0x000001908080a720, 0x000001908080b998]
Event: 116.599 Thread 0x00000190f8f7ed10 6003       3       jdk.internal.net.http.Http1AsyncReceiver$Http1TubeSubscriber::requestMore (106 bytes)
Event: 116.604 Thread 0x00000190f8f7ed10 nmethod 6003 0x000001908001bb90 code [0x000001908001be60, 0x000001908001cf58]
Event: 116.645 Thread 0x00000190f8f7ed10 6004       3       java.util.List::of (64 bytes)
Event: 116.647 Thread 0x00000190f8f7ed10 nmethod 6004 0x000001908009fa90 code [0x000001908009fd20, 0x00000190800a09d8]
Event: 117.026 Thread 0x00000190f8f7e350 6005       4       org.apache.commons.text.translate.AggregateTranslator::translate (56 bytes)

GC Heap History (20 events):
Event: 46.337 GC heap before
{Heap before GC invocations=22 (full 0):
 garbage-first heap   total 55296K, used 46783K [0x00000000c2e00000, 0x0000000100000000)
  region size 1024K, 27 young (27648K), 1 survivors (1024K)
 Metaspace       used 29406K, committed 29760K, reserved 1114112K
  class space    used 3323K, committed 3520K, reserved 1048576K
}
Event: 46.339 GC heap after
{Heap after GC invocations=23 (full 0):
 garbage-first heap   total 55296K, used 20157K [0x00000000c2e00000, 0x0000000100000000)
  region size 1024K, 1 young (1024K), 1 survivors (1024K)
 Metaspace       used 29406K, committed 29760K, reserved 1114112K
  class space    used 3323K, committed 3520K, reserved 1048576K
}
Event: 48.389 GC heap before
{Heap before GC invocations=23 (full 0):
 garbage-first heap   total 55296K, used 46781K [0x00000000c2e00000, 0x0000000100000000)
  region size 1024K, 27 young (27648K), 1 survivors (1024K)
 Metaspace       used 29406K, committed 29760K, reserved 1114112K
  class space    used 3323K, committed 3520K, reserved 1048576K
}
Event: 48.391 GC heap after
{Heap after GC invocations=24 (full 0):
 garbage-first heap   total 55296K, used 20156K [0x00000000c2e00000, 0x0000000100000000)
  region size 1024K, 1 young (1024K), 1 survivors (1024K)
 Metaspace       used 29406K, committed 29760K, reserved 1114112K
  class space    used 3323K, committed 3520K, reserved 1048576K
}
Event: 50.565 GC heap before
{Heap before GC invocations=24 (full 0):
 garbage-first heap   total 55296K, used 46780K [0x00000000c2e00000, 0x0000000100000000)
  region size 1024K, 27 young (27648K), 1 survivors (1024K)
 Metaspace       used 29406K, committed 29760K, reserved 1114112K
  class space    used 3323K, committed 3520K, reserved 1048576K
}
Event: 50.567 GC heap after
{Heap after GC invocations=25 (full 0):
 garbage-first heap   total 55296K, used 20174K [0x00000000c2e00000, 0x0000000100000000)
  region size 1024K, 1 young (1024K), 1 survivors (1024K)
 Metaspace       used 29406K, committed 29760K, reserved 1114112K
  class space    used 3323K, committed 3520K, reserved 1048576K
}
Event: 52.725 GC heap before
{Heap before GC invocations=25 (full 0):
 garbage-first heap   total 55296K, used 46798K [0x00000000c2e00000, 0x0000000100000000)
  region size 1024K, 27 young (27648K), 1 survivors (1024K)
 Metaspace       used 29406K, committed 29760K, reserved 1114112K
  class space    used 3323K, committed 3520K, reserved 1048576K
}
Event: 52.726 GC heap after
{Heap after GC invocations=26 (full 0):
 garbage-first heap   total 55296K, used 20164K [0x00000000c2e00000, 0x0000000100000000)
  region size 1024K, 1 young (1024K), 1 survivors (1024K)
 Metaspace       used 29406K, committed 29760K, reserved 1114112K
  class space    used 3323K, committed 3520K, reserved 1048576K
}
Event: 54.449 GC heap before
{Heap before GC invocations=26 (full 0):
 garbage-first heap   total 55296K, used 45764K [0x00000000c2e00000, 0x0000000100000000)
  region size 1024K, 27 young (27648K), 1 survivors (1024K)
 Metaspace       used 34449K, committed 34816K, reserved 1114112K
  class space    used 3891K, committed 4096K, reserved 1048576K
}
Event: 54.465 GC heap after
{Heap after GC invocations=27 (full 0):
 garbage-first heap   total 55296K, used 22512K [0x00000000c2e00000, 0x0000000100000000)
  region size 1024K, 3 young (3072K), 3 survivors (3072K)
 Metaspace       used 34449K, committed 34816K, reserved 1114112K
  class space    used 3891K, committed 4096K, reserved 1048576K
}
Event: 54.983 GC heap before
{Heap before GC invocations=27 (full 0):
 garbage-first heap   total 55296K, used 37872K [0x00000000c2e00000, 0x0000000100000000)
  region size 1024K, 19 young (19456K), 3 survivors (3072K)
 Metaspace       used 35624K, committed 35968K, reserved 1114112K
  class space    used 4025K, committed 4224K, reserved 1048576K
}
Event: 54.991 GC heap after
{Heap after GC invocations=28 (full 0):
 garbage-first heap   total 55296K, used 24462K [0x00000000c2e00000, 0x0000000100000000)
  region size 1024K, 2 young (2048K), 2 survivors (2048K)
 Metaspace       used 35624K, committed 35968K, reserved 1114112K
  class space    used 4025K, committed 4224K, reserved 1048576K
}
Event: 55.829 GC heap before
{Heap before GC invocations=29 (full 0):
 garbage-first heap   total 55296K, used 43918K [0x00000000c2e00000, 0x0000000100000000)
  region size 1024K, 21 young (21504K), 2 survivors (2048K)
 Metaspace       used 37798K, committed 38272K, reserved 1114112K
  class space    used 4638K, committed 4864K, reserved 1048576K
}
Event: 55.837 GC heap after
{Heap after GC invocations=30 (full 0):
 garbage-first heap   total 55296K, used 26258K [0x00000000c2e00000, 0x0000000100000000)
  region size 1024K, 2 young (2048K), 2 survivors (2048K)
 Metaspace       used 37798K, committed 38272K, reserved 1114112K
  class space    used 4638K, committed 4864K, reserved 1048576K
}
Event: 58.523 GC heap before
{Heap before GC invocations=30 (full 0):
 garbage-first heap   total 55296K, used 44690K [0x00000000c2e00000, 0x0000000100000000)
  region size 1024K, 20 young (20480K), 2 survivors (2048K)
 Metaspace       used 39976K, committed 40384K, reserved 1114112K
  class space    used 4883K, committed 5056K, reserved 1048576K
}
Event: 58.530 GC heap after
{Heap after GC invocations=31 (full 0):
 garbage-first heap   total 55296K, used 27279K [0x00000000c2e00000, 0x0000000100000000)
  region size 1024K, 1 young (1024K), 1 survivors (1024K)
 Metaspace       used 39976K, committed 40384K, reserved 1114112K
  class space    used 4883K, committed 5056K, reserved 1048576K
}
Event: 65.215 GC heap before
{Heap before GC invocations=31 (full 0):
 garbage-first heap   total 55296K, used 44687K [0x00000000c2e00000, 0x0000000100000000)
  region size 1024K, 18 young (18432K), 1 survivors (1024K)
 Metaspace       used 40754K, committed 41216K, reserved 1114112K
  class space    used 4978K, committed 5184K, reserved 1048576K
}
Event: 65.219 GC heap after
{Heap after GC invocations=32 (full 0):
 garbage-first heap   total 55296K, used 27378K [0x00000000c2e00000, 0x0000000100000000)
  region size 1024K, 1 young (1024K), 1 survivors (1024K)
 Metaspace       used 40754K, committed 41216K, reserved 1114112K
  class space    used 4978K, committed 5184K, reserved 1048576K
}
Event: 77.192 GC heap before
{Heap before GC invocations=33 (full 0):
 garbage-first heap   total 55296K, used 37618K [0x00000000c2e00000, 0x0000000100000000)
  region size 1024K, 13 young (13312K), 1 survivors (1024K)
 Metaspace       used 41815K, committed 42304K, reserved 1114112K
  class space    used 5120K, committed 5376K, reserved 1048576K
}
Event: 77.198 GC heap after
{Heap after GC invocations=34 (full 0):
 garbage-first heap   total 55296K, used 28395K [0x00000000c2e00000, 0x0000000100000000)
  region size 1024K, 2 young (2048K), 2 survivors (2048K)
 Metaspace       used 41815K, committed 42304K, reserved 1114112K
  class space    used 5120K, committed 5376K, reserved 1048576K
}

Dll operation events (9 events):
Event: 0.020 Loaded shared library C:\Users\cz 3\.sonar\cache\11a61a94d383e755b08b4e5890a13d148bc9f95b7149cbbeec62efb8c75a4a67\OpenJDK17U-jre_x64_windows_hotspot_17.0.13_11.zip_extracted\jdk-17.0.13+11-jre\bin\java.dll
Event: 0.049 Loaded shared library C:\Users\cz 3\.sonar\cache\11a61a94d383e755b08b4e5890a13d148bc9f95b7149cbbeec62efb8c75a4a67\OpenJDK17U-jre_x64_windows_hotspot_17.0.13_11.zip_extracted\jdk-17.0.13+11-jre\bin\jsvml.dll
Event: 0.119 Loaded shared library C:\Users\cz 3\.sonar\cache\11a61a94d383e755b08b4e5890a13d148bc9f95b7149cbbeec62efb8c75a4a67\OpenJDK17U-jre_x64_windows_hotspot_17.0.13_11.zip_extracted\jdk-17.0.13+11-jre\bin\net.dll
Event: 0.126 Loaded shared library C:\Users\cz 3\.sonar\cache\11a61a94d383e755b08b4e5890a13d148bc9f95b7149cbbeec62efb8c75a4a67\OpenJDK17U-jre_x64_windows_hotspot_17.0.13_11.zip_extracted\jdk-17.0.13+11-jre\bin\nio.dll
Event: 0.198 Loaded shared library C:\Users\cz 3\.sonar\cache\11a61a94d383e755b08b4e5890a13d148bc9f95b7149cbbeec62efb8c75a4a67\OpenJDK17U-jre_x64_windows_hotspot_17.0.13_11.zip_extracted\jdk-17.0.13+11-jre\bin\zip.dll
Event: 0.293 Loaded shared library C:\Users\cz 3\.sonar\cache\11a61a94d383e755b08b4e5890a13d148bc9f95b7149cbbeec62efb8c75a4a67\OpenJDK17U-jre_x64_windows_hotspot_17.0.13_11.zip_extracted\jdk-17.0.13+11-jre\bin\jimage.dll
Event: 2.919 Loaded shared library C:\Users\cz 3\.sonar\cache\11a61a94d383e755b08b4e5890a13d148bc9f95b7149cbbeec62efb8c75a4a67\OpenJDK17U-jre_x64_windows_hotspot_17.0.13_11.zip_extracted\jdk-17.0.13+11-jre\bin\verify.dll
Event: 3.868 Loaded shared library C:\Users\cz 3\.sonar\cache\11a61a94d383e755b08b4e5890a13d148bc9f95b7149cbbeec62efb8c75a4a67\OpenJDK17U-jre_x64_windows_hotspot_17.0.13_11.zip_extracted\jdk-17.0.13+11-jre\bin\sunmscapi.dll
Event: 6.798 Loaded shared library C:\Users\cz 3\.sonar\cache\11a61a94d383e755b08b4e5890a13d148bc9f95b7149cbbeec62efb8c75a4a67\OpenJDK17U-jre_x64_windows_hotspot_17.0.13_11.zip_extracted\jdk-17.0.13+11-jre\bin\extnet.dll

Deoptimization events (20 events):
Event: 81.590 Thread 0x00000190d02820c0 DEOPT PACKING pc=0x0000019087d40b30 sp=0x0000003a05bfec20
Event: 81.590 Thread 0x00000190d02820c0 DEOPT UNPACKING pc=0x000001908758699d sp=0x0000003a05bfebb8 mode 2
Event: 81.590 Thread 0x00000190d02820c0 Uncommon trap: trap_request=0xffffffde fr.pc=0x0000019087d3fe1c relative=0x000000000000007c
Event: 81.590 Thread 0x00000190d02820c0 Uncommon trap: reason=class_check action=maybe_recompile pc=0x0000019087d3fe1c method=java.nio.ByteBuffer.position(I)Ljava/nio/Buffer; @ 2 c2
Event: 81.590 Thread 0x00000190d02820c0 DEOPT PACKING pc=0x0000019087d3fe1c sp=0x0000003a05bfec20
Event: 81.590 Thread 0x00000190d02820c0 DEOPT UNPACKING pc=0x000001908758699d sp=0x0000003a05bfebb8 mode 2
Event: 84.005 Thread 0x00000190d0285360 DEOPT PACKING pc=0x00000190802ed1d7 sp=0x0000003a040ff210
Event: 84.005 Thread 0x00000190d0285360 DEOPT UNPACKING pc=0x0000019087587124 sp=0x0000003a040fe6f8 mode 0
Event: 84.008 Thread 0x00000190d0285360 DEOPT PACKING pc=0x00000190802ed1d7 sp=0x0000003a040ff210
Event: 84.008 Thread 0x00000190d0285360 DEOPT UNPACKING pc=0x0000019087587124 sp=0x0000003a040fe6f8 mode 0
Event: 84.019 Thread 0x00000190d0285360 DEOPT PACKING pc=0x00000190802ed1d7 sp=0x0000003a040ff210
Event: 84.019 Thread 0x00000190d0285360 DEOPT UNPACKING pc=0x0000019087587124 sp=0x0000003a040fe6f8 mode 0
Event: 116.292 Thread 0x00000190d0281bb0 Uncommon trap: trap_request=0xffffff45 fr.pc=0x0000019087c9373c relative=0x0000000000000ddc
Event: 116.292 Thread 0x00000190d0281bb0 Uncommon trap: reason=unstable_if action=reinterpret pc=0x0000019087c9373c method=java.io.BufferedReader.readLine(Z[Z)Ljava/lang/String; @ 22 c2
Event: 116.292 Thread 0x00000190d0281bb0 DEOPT PACKING pc=0x0000019087c9373c sp=0x0000003a041fee10
Event: 116.292 Thread 0x00000190d0281bb0 DEOPT UNPACKING pc=0x000001908758699d sp=0x0000003a041fedb0 mode 2
Event: 116.292 Thread 0x00000190d0281bb0 Uncommon trap: trap_request=0xffffff45 fr.pc=0x0000019087c82868 relative=0x0000000000000828
Event: 116.292 Thread 0x00000190d0281bb0 Uncommon trap: reason=unstable_if action=reinterpret pc=0x0000019087c82868 method=java.io.BufferedReader.readLine(Z[Z)Ljava/lang/String; @ 168 c2
Event: 116.292 Thread 0x00000190d0281bb0 DEOPT PACKING pc=0x0000019087c82868 sp=0x0000003a041fee20
Event: 116.292 Thread 0x00000190d0281bb0 DEOPT UNPACKING pc=0x000001908758699d sp=0x0000003a041feda8 mode 2

Classes loaded (20 events):
Event: 76.476 Loading class java/util/stream/LongPipeline$StatelessOp done
Event: 76.476 Loading class java/util/stream/ReferencePipeline$5 done
Event: 76.477 Loading class java/util/stream/FindOps$FindSink$OfLong
Event: 76.478 Loading class java/util/stream/Sink$OfLong
Event: 76.489 Loading class java/util/stream/Sink$OfLong done
Event: 76.489 Loading class java/util/stream/FindOps$FindSink$OfLong done
Event: 76.489 Loading class java/util/OptionalLong
Event: 76.499 Loading class java/util/OptionalLong done
Event: 76.500 Loading class java/util/stream/ReferencePipeline$5$1
Event: 76.503 Loading class java/util/stream/ReferencePipeline$5$1 done
Event: 76.636 Loading class java/util/concurrent/CountDownLatch
Event: 76.640 Loading class java/util/concurrent/CountDownLatch done
Event: 76.640 Loading class java/util/concurrent/CountDownLatch$Sync
Event: 76.652 Loading class java/util/concurrent/CountDownLatch$Sync done
Event: 76.657 Loading class java/util/concurrent/locks/AbstractQueuedSynchronizer$SharedNode
Event: 76.667 Loading class java/util/concurrent/locks/AbstractQueuedSynchronizer$SharedNode done
Event: 77.121 Loading class jdk/internal/reflect/UnsafeQualifiedObjectFieldAccessorImpl
Event: 77.125 Loading class jdk/internal/reflect/UnsafeQualifiedFieldAccessorImpl
Event: 77.153 Loading class jdk/internal/reflect/UnsafeQualifiedFieldAccessorImpl done
Event: 77.153 Loading class jdk/internal/reflect/UnsafeQualifiedObjectFieldAccessorImpl done

Classes unloaded (0 events):
No events

Classes redefined (0 events):
No events

Internal exceptions (20 events):
Event: 74.419 Thread 0x00000190d02820c0 Exception <a 'java/net/ConnectException'{0x00000000c6055a70}: Connection refused: getsockopt> (0x00000000c6055a70) 
thrown [s\src\hotspot\share\prims\jni.cpp, line 535]
Event: 74.522 Thread 0x00000190d02820c0 Exception <a 'java/net/ConnectException'{0x00000000c6056220}: Connection refused: getsockopt> (0x00000000c6056220) 
thrown [s\src\hotspot\share\prims\jni.cpp, line 535]
Event: 74.525 Thread 0x00000190d02820c0 Exception <a 'java/net/ConnectException'{0x00000000c60569d0}: Connection refused: getsockopt> (0x00000000c60569d0) 
thrown [s\src\hotspot\share\prims\jni.cpp, line 535]
Event: 74.633 Thread 0x00000190d02820c0 Exception <a 'java/net/ConnectException'{0x00000000c6057180}: Connection refused: getsockopt> (0x00000000c6057180) 
thrown [s\src\hotspot\share\prims\jni.cpp, line 535]
Event: 74.634 Thread 0x00000190d02820c0 Exception <a 'java/net/ConnectException'{0x00000000c6057930}: Connection refused: getsockopt> (0x00000000c6057930) 
thrown [s\src\hotspot\share\prims\jni.cpp, line 535]
Event: 75.078 Thread 0x00000190d02820c0 Exception <a 'java/net/ConnectException'{0x00000000c60580e0}: Connection refused: getsockopt> (0x00000000c60580e0) 
thrown [s\src\hotspot\share\prims\jni.cpp, line 535]
Event: 75.083 Thread 0x00000190d02820c0 Exception <a 'java/net/ConnectException'{0x00000000c6058890}: Connection refused: getsockopt> (0x00000000c6058890) 
thrown [s\src\hotspot\share\prims\jni.cpp, line 535]
Event: 75.186 Thread 0x00000190d02820c0 Exception <a 'java/net/ConnectException'{0x00000000c6059040}: Connection refused: getsockopt> (0x00000000c6059040) 
thrown [s\src\hotspot\share\prims\jni.cpp, line 535]
Event: 75.188 Thread 0x00000190d02820c0 Exception <a 'java/net/ConnectException'{0x00000000c60597f0}: Connection refused: getsockopt> (0x00000000c60597f0) 
thrown [s\src\hotspot\share\prims\jni.cpp, line 535]
Event: 75.292 Thread 0x00000190d02820c0 Exception <a 'java/net/ConnectException'{0x00000000c6059fa0}: Connection refused: getsockopt> (0x00000000c6059fa0) 
thrown [s\src\hotspot\share\prims\jni.cpp, line 535]
Event: 75.294 Thread 0x00000190d02820c0 Exception <a 'java/net/ConnectException'{0x00000000c605a750}: Connection refused: getsockopt> (0x00000000c605a750) 
thrown [s\src\hotspot\share\prims\jni.cpp, line 535]
Event: 75.399 Thread 0x00000190d02820c0 Exception <a 'java/net/ConnectException'{0x00000000c605af00}: Connection refused: getsockopt> (0x00000000c605af00) 
thrown [s\src\hotspot\share\prims\jni.cpp, line 535]
Event: 75.401 Thread 0x00000190d02820c0 Exception <a 'java/net/ConnectException'{0x00000000c605b6b0}: Connection refused: getsockopt> (0x00000000c605b6b0) 
thrown [s\src\hotspot\share\prims\jni.cpp, line 535]
Event: 75.503 Thread 0x00000190d02820c0 Exception <a 'java/net/ConnectException'{0x00000000c605be60}: Connection refused: getsockopt> (0x00000000c605be60) 
thrown [s\src\hotspot\share\prims\jni.cpp, line 535]
Event: 75.504 Thread 0x00000190d02820c0 Exception <a 'java/net/ConnectException'{0x00000000c605c610}: Connection refused: getsockopt> (0x00000000c605c610) 
thrown [s\src\hotspot\share\prims\jni.cpp, line 535]
Event: 75.610 Thread 0x00000190d02820c0 Exception <a 'java/net/ConnectException'{0x00000000c605cdc0}: Connection refused: getsockopt> (0x00000000c605cdc0) 
thrown [s\src\hotspot\share\prims\jni.cpp, line 535]
Event: 75.611 Thread 0x00000190d02820c0 Exception <a 'java/net/ConnectException'{0x00000000c605d570}: Connection refused: getsockopt> (0x00000000c605d570) 
thrown [s\src\hotspot\share\prims\jni.cpp, line 535]
Event: 76.505 Thread 0x00000190d0283a10 Exception <a 'java/lang/NoSuchMethodError'{0x00000000c60e78c8}: 'java.lang.Object java.lang.invoke.DirectMethodHandle$Holder.newInvokeSpecial(java.lang.Object, java.lang.Object, long, java.lang.Object, java.lang.Object, java.lang.Object)'> (0x00000000c60e78c8) 
thrown [s\src\hotspot\share\interpreter\linkResolver.cpp, line 759]
Event: 76.561 Thread 0x00000190efac8bf0 Exception <a 'java/lang/NoSuchMethodError'{0x00000000c604f900}: 'void java.lang.invoke.DirectMethodHandle$Holder.invokeVirtual(java.lang.Object, java.lang.Object)'> (0x00000000c604f900) 
thrown [s\src\hotspot\share\interpreter\linkResolver.cpp, line 759]
Event: 77.017 Thread 0x00000190efac8bf0 Exception <a 'java/lang/IncompatibleClassChangeError'{0x00000000c5b92b98}: Found class java.lang.Object, but interface was expected> (0x00000000c5b92b98) 
thrown [s\src\hotspot\share\interpreter\linkResolver.cpp, line 826]

VM Operations (20 events):
Event: 77.106 Executing VM operation: Cleanup
Event: 77.106 Executing VM operation: Cleanup done
Event: 77.192 Executing VM operation: G1TryInitiateConcMark
Event: 77.198 Executing VM operation: G1TryInitiateConcMark done
Event: 77.276 Executing VM operation: G1PauseRemark
Event: 77.284 Executing VM operation: G1PauseRemark done
Event: 77.310 Executing VM operation: G1PauseCleanup
Event: 77.310 Executing VM operation: G1PauseCleanup done
Event: 78.311 Executing VM operation: Cleanup
Event: 78.311 Executing VM operation: Cleanup done
Event: 82.312 Executing VM operation: Cleanup
Event: 82.312 Executing VM operation: Cleanup done
Event: 87.317 Executing VM operation: Cleanup
Event: 87.318 Executing VM operation: Cleanup done
Event: 92.320 Executing VM operation: Cleanup
Event: 92.320 Executing VM operation: Cleanup done
Event: 97.322 Executing VM operation: Cleanup
Event: 97.322 Executing VM operation: Cleanup done
Event: 102.326 Executing VM operation: Cleanup
Event: 102.326 Executing VM operation: Cleanup done

Memory protections (0 events):
No events

Nmethod flushes (20 events):
Event: 57.940 Thread 0x00000190f8f81a30 flushing  nmethod 0x0000019080ad6390
Event: 57.940 Thread 0x00000190f8f81a30 flushing  nmethod 0x0000019080ad7090
Event: 57.940 Thread 0x00000190f8f81a30 flushing  nmethod 0x0000019080ad7990
Event: 57.940 Thread 0x00000190f8f81a30 flushing  nmethod 0x0000019080ad8290
Event: 57.940 Thread 0x00000190f8f81a30 flushing  nmethod 0x0000019080ad8610
Event: 57.940 Thread 0x00000190f8f81a30 flushing  nmethod 0x0000019080ad9090
Event: 57.940 Thread 0x00000190f8f81a30 flushing  nmethod 0x0000019080ad9790
Event: 57.940 Thread 0x00000190f8f81a30 flushing  nmethod 0x0000019080ad9b10
Event: 57.940 Thread 0x00000190f8f81a30 flushing  nmethod 0x0000019080ada610
Event: 57.940 Thread 0x00000190f8f81a30 flushing  nmethod 0x0000019080adb010
Event: 57.940 Thread 0x00000190f8f81a30 flushing  nmethod 0x0000019080adbe10
Event: 57.940 Thread 0x00000190f8f81a30 flushing  nmethod 0x0000019080adcf10
Event: 57.940 Thread 0x00000190f8f81a30 flushing  nmethod 0x0000019080add310
Event: 57.940 Thread 0x00000190f8f81a30 flushing  nmethod 0x0000019080add990
Event: 57.940 Thread 0x00000190f8f81a30 flushing  nmethod 0x0000019080addf10
Event: 57.940 Thread 0x00000190f8f81a30 flushing  nmethod 0x0000019080adeb90
Event: 57.940 Thread 0x00000190f8f81a30 flushing  nmethod 0x0000019080adf790
Event: 57.940 Thread 0x00000190f8f81a30 flushing  nmethod 0x0000019080ae0010
Event: 57.940 Thread 0x00000190f8f81a30 flushing  nmethod 0x0000019080ae9390
Event: 57.940 Thread 0x00000190f8f81a30 flushing  nmethod 0x0000019080ae9c90

Events (20 events):
Event: 52.842 Thread 0x00000190f8f79ce0 Thread exited: 0x00000190f8f79ce0
Event: 53.348 Thread 0x00000190efac8bf0 Thread added: 0x00000190d02820c0
Event: 53.941 Thread 0x00000190efac8bf0 Thread added: 0x00000190d0286290
Event: 54.031 Thread 0x00000190d0286290 Thread exited: 0x00000190d0286290
Event: 64.665 Thread 0x00000190efac8bf0 Thread added: 0x00000190d0285870
Event: 64.665 Thread 0x00000190efac8bf0 Thread added: 0x00000190d02871c0
Event: 64.885 Thread 0x00000190d02871c0 Thread exited: 0x00000190d02871c0
Event: 64.885 Thread 0x00000190d0285870 Thread exited: 0x00000190d0285870
Event: 64.901 Thread 0x00000190efac8bf0 Thread added: 0x00000190d0285360
Event: 64.901 Thread 0x00000190efac8bf0 Thread added: 0x00000190d0282ae0
Event: 64.975 Thread 0x00000190d0285360 Thread exited: 0x00000190d0285360
Event: 64.976 Thread 0x00000190d0282ae0 Thread exited: 0x00000190d0282ae0
Event: 64.988 Thread 0x00000190efac8bf0 Thread added: 0x00000190d0285360
Event: 64.989 Thread 0x00000190efac8bf0 Thread added: 0x00000190d0281bb0
Event: 65.235 Thread 0x00000190d02820c0 Thread added: 0x00000190d0284430
Event: 65.517 Thread 0x00000190d02820c0 Thread added: 0x00000190d0284940
Event: 75.727 Thread 0x00000190d02820c0 Thread added: 0x00000190d0283a10
Event: 76.567 Thread 0x00000190efac8bf0 Thread added: 0x00000190d0287be0
Event: 76.657 Thread 0x00000190efac8bf0 Thread added: 0x00000190d0286cb0
Event: 76.708 Thread 0x00000190d0286cb0 Thread added: 0x00000190d0283500


Dynamic libraries:
0x00007ff776220000 - 0x00007ff77622e000 	C:\Users\cz 3\.sonar\cache\11a61a94d383e755b08b4e5890a13d148bc9f95b7149cbbeec62efb8c75a4a67\OpenJDK17U-jre_x64_windows_hotspot_17.0.13_11.zip_extracted\jdk-17.0.13+11-jre\bin\java.exe
0x00007ffbeb670000 - 0x00007ffbeb887000 	C:\WINDOWS\SYSTEM32\ntdll.dll
0x00007ffbea270000 - 0x00007ffbea334000 	C:\WINDOWS\System32\KERNEL32.DLL
0x00007ffbe8be0000 - 0x00007ffbe8fb2000 	C:\WINDOWS\System32\KERNELBASE.dll
0x00007ffbe89c0000 - 0x00007ffbe8ad1000 	C:\WINDOWS\System32\ucrtbase.dll
0x00007ffbb72c0000 - 0x00007ffbb72d7000 	C:\Users\cz 3\.sonar\cache\11a61a94d383e755b08b4e5890a13d148bc9f95b7149cbbeec62efb8c75a4a67\OpenJDK17U-jre_x64_windows_hotspot_17.0.13_11.zip_extracted\jdk-17.0.13+11-jre\bin\jli.dll
0x00007ffbb97c0000 - 0x00007ffbb97de000 	C:\Users\cz 3\.sonar\cache\11a61a94d383e755b08b4e5890a13d148bc9f95b7149cbbeec62efb8c75a4a67\OpenJDK17U-jre_x64_windows_hotspot_17.0.13_11.zip_extracted\jdk-17.0.13+11-jre\bin\VCRUNTIME140.dll
0x00007ffbe9e50000 - 0x00007ffbea001000 	C:\WINDOWS\System32\USER32.dll
0x00007ffbe88a0000 - 0x00007ffbe88c6000 	C:\WINDOWS\System32\win32u.dll
0x00007ffbce150000 - 0x00007ffbce3eb000 	C:\WINDOWS\WinSxS\amd64_microsoft.windows.common-controls_6595b64144ccf1df_6.0.22621.5547_none_27104afb73855772\COMCTL32.dll
0x00007ffbe9e20000 - 0x00007ffbe9e49000 	C:\WINDOWS\System32\GDI32.dll
0x00007ffbea010000 - 0x00007ffbea0b7000 	C:\WINDOWS\System32\msvcrt.dll
0x00007ffbe8fc0000 - 0x00007ffbe90e3000 	C:\WINDOWS\System32\gdi32full.dll
0x00007ffbe9260000 - 0x00007ffbe92fa000 	C:\WINDOWS\System32\msvcp_win.dll
0x00007ffbe9860000 - 0x00007ffbe9891000 	C:\WINDOWS\System32\IMM32.DLL
0x00007ffbc9fd0000 - 0x00007ffbc9fdc000 	C:\Users\cz 3\.sonar\cache\11a61a94d383e755b08b4e5890a13d148bc9f95b7149cbbeec62efb8c75a4a67\OpenJDK17U-jre_x64_windows_hotspot_17.0.13_11.zip_extracted\jdk-17.0.13+11-jre\bin\vcruntime140_1.dll
0x00007ffb9c590000 - 0x00007ffb9c61d000 	C:\Users\cz 3\.sonar\cache\11a61a94d383e755b08b4e5890a13d148bc9f95b7149cbbeec62efb8c75a4a67\OpenJDK17U-jre_x64_windows_hotspot_17.0.13_11.zip_extracted\jdk-17.0.13+11-jre\bin\msvcp140.dll
0x00007ffb8cdb0000 - 0x00007ffb8da1b000 	C:\Users\cz 3\.sonar\cache\11a61a94d383e755b08b4e5890a13d148bc9f95b7149cbbeec62efb8c75a4a67\OpenJDK17U-jre_x64_windows_hotspot_17.0.13_11.zip_extracted\jdk-17.0.13+11-jre\bin\server\jvm.dll
0x00007ffbeb570000 - 0x00007ffbeb621000 	C:\WINDOWS\System32\ADVAPI32.dll
0x00007ffbe9430000 - 0x00007ffbe94d8000 	C:\WINDOWS\System32\sechost.dll
0x00007ffbe88d0000 - 0x00007ffbe88f8000 	C:\WINDOWS\System32\bcrypt.dll
0x00007ffbe9300000 - 0x00007ffbe9414000 	C:\WINDOWS\System32\RPCRT4.dll
0x00007ffbe9d30000 - 0x00007ffbe9da1000 	C:\WINDOWS\System32\WS2_32.dll
0x00007ffbe8630000 - 0x00007ffbe867d000 	C:\WINDOWS\SYSTEM32\POWRPROF.dll
0x00007ffbe0e10000 - 0x00007ffbe0e44000 	C:\WINDOWS\SYSTEM32\WINMM.dll
0x00007ffbe11d0000 - 0x00007ffbe11da000 	C:\WINDOWS\SYSTEM32\VERSION.dll
0x00007ffbe8610000 - 0x00007ffbe8623000 	C:\WINDOWS\SYSTEM32\UMPDC.dll
0x00007ffbe7790000 - 0x00007ffbe77a8000 	C:\WINDOWS\SYSTEM32\kernel.appcore.dll
0x00007ffbc8b70000 - 0x00007ffbc8b7a000 	C:\Users\cz 3\.sonar\cache\11a61a94d383e755b08b4e5890a13d148bc9f95b7149cbbeec62efb8c75a4a67\OpenJDK17U-jre_x64_windows_hotspot_17.0.13_11.zip_extracted\jdk-17.0.13+11-jre\bin\jimage.dll
0x00007ffbe6360000 - 0x00007ffbe6593000 	C:\WINDOWS\SYSTEM32\DBGHELP.DLL
0x00007ffbea3c0000 - 0x00007ffbea753000 	C:\WINDOWS\System32\combase.dll
0x00007ffbe9540000 - 0x00007ffbe9617000 	C:\WINDOWS\System32\OLEAUT32.dll
0x00007ffbc52b0000 - 0x00007ffbc52e2000 	C:\WINDOWS\SYSTEM32\dbgcore.DLL
0x00007ffbe8b60000 - 0x00007ffbe8bdb000 	C:\WINDOWS\System32\bcryptPrimitives.dll
0x00007ffba75b0000 - 0x00007ffba75d5000 	C:\Users\cz 3\.sonar\cache\11a61a94d383e755b08b4e5890a13d148bc9f95b7149cbbeec62efb8c75a4a67\OpenJDK17U-jre_x64_windows_hotspot_17.0.13_11.zip_extracted\jdk-17.0.13+11-jre\bin\java.dll
0x00007ffb9b940000 - 0x00007ffb9ba17000 	C:\Users\cz 3\.sonar\cache\11a61a94d383e755b08b4e5890a13d148bc9f95b7149cbbeec62efb8c75a4a67\OpenJDK17U-jre_x64_windows_hotspot_17.0.13_11.zip_extracted\jdk-17.0.13+11-jre\bin\jsvml.dll
0x00007ffbeacc0000 - 0x00007ffbeb562000 	C:\WINDOWS\System32\SHELL32.dll
0x00007ffbe8760000 - 0x00007ffbe889f000 	C:\WINDOWS\System32\wintypes.dll
0x00007ffbe6690000 - 0x00007ffbe6fad000 	C:\WINDOWS\SYSTEM32\windows.storage.dll
0x00007ffbea7d0000 - 0x00007ffbea8dc000 	C:\WINDOWS\System32\SHCORE.dll
0x00007ffbe9db0000 - 0x00007ffbe9e19000 	C:\WINDOWS\System32\shlwapi.dll
0x00007ffbe8690000 - 0x00007ffbe86bb000 	C:\WINDOWS\SYSTEM32\profapi.dll
0x00007ffba9ba0000 - 0x00007ffba9bb9000 	C:\Users\cz 3\.sonar\cache\11a61a94d383e755b08b4e5890a13d148bc9f95b7149cbbeec62efb8c75a4a67\OpenJDK17U-jre_x64_windows_hotspot_17.0.13_11.zip_extracted\jdk-17.0.13+11-jre\bin\net.dll
0x00007ffbe0170000 - 0x00007ffbe029c000 	C:\WINDOWS\SYSTEM32\WINHTTP.dll
0x00007ffbe7c10000 - 0x00007ffbe7c79000 	C:\WINDOWS\system32\mswsock.dll
0x00007ffba9740000 - 0x00007ffba9756000 	C:\Users\cz 3\.sonar\cache\11a61a94d383e755b08b4e5890a13d148bc9f95b7149cbbeec62efb8c75a4a67\OpenJDK17U-jre_x64_windows_hotspot_17.0.13_11.zip_extracted\jdk-17.0.13+11-jre\bin\nio.dll
0x00007ffba74f0000 - 0x00007ffba7508000 	C:\Users\cz 3\.sonar\cache\11a61a94d383e755b08b4e5890a13d148bc9f95b7149cbbeec62efb8c75a4a67\OpenJDK17U-jre_x64_windows_hotspot_17.0.13_11.zip_extracted\jdk-17.0.13+11-jre\bin\zip.dll
0x00007ffbe7e60000 - 0x00007ffbe7e7b000 	C:\WINDOWS\SYSTEM32\CRYPTSP.dll
0x00007ffbe76f0000 - 0x00007ffbe7727000 	C:\WINDOWS\system32\rsaenh.dll
0x00007ffbe7d00000 - 0x00007ffbe7d28000 	C:\WINDOWS\SYSTEM32\USERENV.dll
0x00007ffbe7e80000 - 0x00007ffbe7e8c000 	C:\WINDOWS\SYSTEM32\CRYPTBASE.dll
0x00007ffbe7250000 - 0x00007ffbe727d000 	C:\WINDOWS\SYSTEM32\IPHLPAPI.DLL
0x00007ffbea260000 - 0x00007ffbea269000 	C:\WINDOWS\System32\NSI.dll
0x00007ffbdfba0000 - 0x00007ffbdfbb9000 	C:\WINDOWS\SYSTEM32\dhcpcsvc6.DLL
0x00007ffbdf810000 - 0x00007ffbdf82f000 	C:\WINDOWS\SYSTEM32\dhcpcsvc.DLL
0x00007ffbe72d0000 - 0x00007ffbe73c8000 	C:\WINDOWS\SYSTEM32\DNSAPI.dll
0x00007ffbc7350000 - 0x00007ffbc7360000 	C:\Users\cz 3\.sonar\cache\11a61a94d383e755b08b4e5890a13d148bc9f95b7149cbbeec62efb8c75a4a67\OpenJDK17U-jre_x64_windows_hotspot_17.0.13_11.zip_extracted\jdk-17.0.13+11-jre\bin\verify.dll
0x00007ffbc66e0000 - 0x00007ffbc66ee000 	C:\Users\cz 3\.sonar\cache\11a61a94d383e755b08b4e5890a13d148bc9f95b7149cbbeec62efb8c75a4a67\OpenJDK17U-jre_x64_windows_hotspot_17.0.13_11.zip_extracted\jdk-17.0.13+11-jre\bin\sunmscapi.dll
0x00007ffbe90f0000 - 0x00007ffbe9257000 	C:\WINDOWS\System32\CRYPT32.dll
0x00007ffbe8020000 - 0x00007ffbe804d000 	C:\WINDOWS\SYSTEM32\ncrypt.dll
0x00007ffbe7fe0000 - 0x00007ffbe8017000 	C:\WINDOWS\SYSTEM32\NTASN1.dll
0x00007ffbe7ec0000 - 0x00007ffbe7ed2000 	C:\WINDOWS\SYSTEM32\MSASN1.dll
0x00007ffbe7ca0000 - 0x00007ffbe7cc6000 	C:\WINDOWS\SYSTEM32\gpapi.dll
0x00007ffbb7f00000 - 0x00007ffbb7f6a000 	C:\WINDOWS\system32\ncryptprov.dll
0x00007ffbcacb0000 - 0x00007ffbcacba000 	C:\Windows\System32\rasadhlp.dll
0x00007ffbdcb00000 - 0x00007ffbdcb84000 	C:\WINDOWS\System32\fwpuclnt.dll
0x00007ffbc5150000 - 0x00007ffbc5159000 	C:\Users\cz 3\.sonar\cache\11a61a94d383e755b08b4e5890a13d148bc9f95b7149cbbeec62efb8c75a4a67\OpenJDK17U-jre_x64_windows_hotspot_17.0.13_11.zip_extracted\jdk-17.0.13+11-jre\bin\extnet.dll
0x00007ffbb2840000 - 0x00007ffbb2848000 	C:\WINDOWS\system32\wshunix.dll

dbghelp: loaded successfully - version: 4.0.5 - missing functions: none
symbol engine: initialized successfully - sym options: 0x614 - pdb path: .;C:\Users\cz 3\.sonar\cache\11a61a94d383e755b08b4e5890a13d148bc9f95b7149cbbeec62efb8c75a4a67\OpenJDK17U-jre_x64_windows_hotspot_17.0.13_11.zip_extracted\jdk-17.0.13+11-jre\bin;C:\WINDOWS\SYSTEM32;C:\WINDOWS\WinSxS\amd64_microsoft.windows.common-controls_6595b64144ccf1df_6.0.22621.5547_none_27104afb73855772;C:\Users\cz 3\.sonar\cache\11a61a94d383e755b08b4e5890a13d148bc9f95b7149cbbeec62efb8c75a4a67\OpenJDK17U-jre_x64_windows_hotspot_17.0.13_11.zip_extracted\jdk-17.0.13+11-jre\bin\server

VM Arguments:
jvm_args: -Dorg.bouncycastle.pkcs12.ignore_useless_passwd=true 
java_command: C:\Users\cz 3\.sonar\cache\5370664af11ed9502c5e9da2fca3e7b2465b6b01c7248962ef899d0551837b42\sonar-scanner-engine-shaded-25.10.0.114319-all.jar
java_class_path (initial): C:\Users\cz 3\.sonar\cache\5370664af11ed9502c5e9da2fca3e7b2465b6b01c7248962ef899d0551837b42\sonar-scanner-engine-shaded-25.10.0.114319-all.jar
Launcher Type: SUN_STANDARD

[Global flags]
     intx CICompilerCount                          = 2                                         {product} {ergonomic}
     uint ConcGCThreads                            = 1                                         {product} {ergonomic}
     uint G1ConcRefinementThreads                  = 2                                         {product} {ergonomic}
   size_t G1HeapRegionSize                         = 1048576                                   {product} {ergonomic}
    uintx GCDrainStackTargetSize                   = 64                                        {product} {ergonomic}
   size_t InitialHeapSize                          = 65011712                                  {product} {ergonomic}
   size_t MarkStackSize                            = 4194304                                   {product} {ergonomic}
   size_t MaxHeapSize                              = 1025507328                                {product} {ergonomic}
   size_t MaxNewSize                               = 614465536                                 {product} {ergonomic}
   size_t MinHeapDeltaBytes                        = 1048576                                   {product} {ergonomic}
   size_t MinHeapSize                              = 8388608                                   {product} {ergonomic}
    uintx NonNMethodCodeHeapSize                   = 5826188                                {pd product} {ergonomic}
    uintx NonProfiledCodeHeapSize                  = 122916026                              {pd product} {ergonomic}
    uintx ProfiledCodeHeapSize                     = 122916026                              {pd product} {ergonomic}
    uintx ReservedCodeCacheSize                    = 251658240                              {pd product} {ergonomic}
     bool SegmentedCodeCache                       = true                                      {product} {ergonomic}
   size_t SoftMaxHeapSize                          = 1025507328                             {manageable} {ergonomic}
     bool UseCompressedClassPointers               = true                           {product lp64_product} {ergonomic}
     bool UseCompressedOops                        = true                           {product lp64_product} {ergonomic}
     bool UseG1GC                                  = true                                      {product} {ergonomic}
     bool UseLargePagesIndividualAllocation        = false                                  {pd product} {ergonomic}

Logging:
Log output configuration:
 #0: stdout all=warning uptime,level,tags
 #1: stderr all=off uptime,level,tags

Environment Variables:
JAVA_HOME=C:\sonar-scanner-7.3.0.5189-windows-x64\bin\..\jre
PATH=C:\Program Files\Common Files\Oracle\Java\javapath;C:\WINDOWS\system32;C:\WINDOWS;C:\WINDOWS\System32\Wbem;C:\WINDOWS\System32\WindowsPowerShell\v1.0\;C:\WINDOWS\System32\OpenSSH\;C:\Program Files\Git\cmd;C:\Program Files\nodejs\;C:\Users\cz 3\AppData\Local\Programs\Python\Launcher\;C:\Users\cz 3\AppData\Local\Microsoft\WindowsApps;C:\Users\cz 3\AppData\Local\Programs\Microsoft VS Code\bin;C:\Users\cz 3\AppData\Roaming\npm;
USERNAME=cz 3
OS=Windows_NT
PROCESSOR_IDENTIFIER=Intel64 Family 6 Model 122 Stepping 8, GenuineIntel
TMP=C:\Users\CZ3~1\AppData\Local\Temp
TEMP=C:\Users\CZ3~1\AppData\Local\Temp



Periodic native trim disabled


---------------  S Y S T E M  ---------------

OS:
 Windows 11 , 64 bit Build 22621 (10.0.22621.5415)
OS uptime: 3 days 18:27 hours

CPU: total 2 (initial active 2) (2 cores per cpu, 1 threads per core) family 6 model 122 stepping 8 microcode 0x22, cx8, cmov, fxsr, mmx, 3dnowpref, sse, sse2, sse3, ssse3, sse4.1, sse4.2, popcnt, tsc, tscinvbit, aes, erms, clmul, sha, clflush, clflushopt
Processor Information for all 2 processors :
  Max Mhz: 1101, Current Mhz: 1101, Mhz Limit: 1101

Memory: 4k page, system-wide physical 3911M (316M free)
TotalPageFile size 8911M (AvailPageFile size 94M)
current process WorkingSet (physical memory assigned to process): 168M, peak: 207M
current process commit charge ("private bytes"): 190M, peak: 231M

vm_info: OpenJDK 64-Bit Server VM (17.0.13+11) for windows-amd64 JRE (17.0.13+11), built on Oct 16 2024 00:10:08 by "admin" with MS VC++ 17.7 (VS2022)

END.
