#
# There is insufficient memory for the Java Runtime Environment to continue.
# Native memory allocation (malloc) failed to allocate 1471904 bytes. Error detail: Chunk::new
# Possible reasons:
#   The system is out of physical RAM or swap space
#   This process is running with CompressedOops enabled, and the Java Heap may be blocking the growth of the native heap
# Possible solutions:
#   Reduce memory load on the system
#   Increase physical memory or swap space
#   Check if swap backing store is full
#   Decrease Java heap size (-Xmx/-Xms)
#   Decrease number of Java threads
#   Decrease Java thread stack sizes (-Xss)
#   Set larger code cache with -XX:ReservedCodeCacheSize=
#   JVM is running with Unscaled Compressed Oops mode in which the Java heap is
#     placed in the first 4GB address space. The Java Heap base address is the
#     maximum limit for the native heap growth. Please use -XX:HeapBaseMinAddress
#     to set the Java Heap base and to place the Java Heap above 4GB virtual address.
# This output file may be truncated or incomplete.
#
#  Out of Memory Error (arena.cpp:191), pid=10740, tid=13348
#
# JRE version: OpenJDK Runtime Environment Temurin-17.0.13+11 (17.0.13+11) (build 17.0.13+11)
# Java VM: OpenJDK 64-Bit Server VM Temurin-17.0.13+11 (17.0.13+11, mixed mode, sharing, tiered, compressed oops, compressed class ptrs, g1 gc, windows-amd64)
# No core dump will be written. Minidumps are not enabled by default on client versions of Windows
#

---------------  S U M M A R Y ------------

Command Line: -Dorg.bouncycastle.pkcs12.ignore_useless_passwd=true C:\Users\cz 3\.sonar\cache\5370664af11ed9502c5e9da2fca3e7b2465b6b01c7248962ef899d0551837b42\sonar-scanner-engine-shaded-25.10.0.114319-all.jar

Host: Intel(R) Celeron(R) N4020 CPU @ 1.10GHz, 2 cores, 3G,  Windows 11 , 64 bit Build 22621 (10.0.22621.5415)
Time: Mon Nov  3 17:36:09 2025 Pakistan Standard Time elapsed time: 95.896410 seconds (0d 0h 1m 35s)

---------------  T H R E A D  ---------------

Current thread (0x00000215db7773c0):  JavaThread "C2 CompilerThread0" daemon [_thread_in_native, id=13348, stack(0x0000008299b00000,0x0000008299c00000)]


Current CompileTask:
C2:  95896 6235   !   4       jdk.internal.loader.URLClassPath$JarLoader::getResource (65 bytes)

Stack: [0x0000008299b00000,0x0000008299c00000]
Native frames: (J=compiled Java code, j=interpreted, Vv=VM code, C=native code)
V  [jvm.dll+0x682a19]
V  [jvm.dll+0x839538]
V  [jvm.dll+0x83afe3]
V  [jvm.dll+0x83b653]
V  [jvm.dll+0x24704f]
V  [jvm.dll+0xace34]
V  [jvm.dll+0xad4cc]
V  [jvm.dll+0x36597e]
V  [jvm.dll+0x1ba793]
V  [jvm.dll+0x2181a7]
V  [jvm.dll+0x21748f]
V  [jvm.dll+0x1a3070]
V  [jvm.dll+0x22788c]
V  [jvm.dll+0x2259eb]
V  [jvm.dll+0x7eec98]
V  [jvm.dll+0x7e8ffc]
V  [jvm.dll+0x6818f7]
C  [ucrtbase.dll+0x29333]
C  [KERNEL32.DLL+0x1259d]
C  [ntdll.dll+0x5af78]


---------------  P R O C E S S  ---------------

Threads class SMR info:
_java_thread_list=0x0000021622a55f00, length=24, elements={
0x00000215c3347600, 0x00000215c33fa6b0, 0x00000215c33fb530, 0x00000215db7729b0,
0x00000215db773370, 0x00000215db773d30, 0x00000215db7746f0, 0x00000215db7773c0,
0x00000215db777d80, 0x00000215db77ee50, 0x00000215db9ce280, 0x00000215db9cfe20,
0x00000216214a6200, 0x00000216214a6c50, 0x00000216223c8c60, 0x00000216223c9170,
0x00000216223c5ed0, 0x00000216223c7820, 0x00000216223c7310, 0x00000216223c63e0,
0x00000216223c68f0, 0x00000216223c6e00, 0x00000216223c7d30, 0x00000216223c8240
}

Java Threads: ( => current thread )
  0x00000215c3347600 JavaThread "main" [_thread_blocked, id=11240, stack(0x0000008298e00000,0x0000008298f00000)]
  0x00000215c33fa6b0 JavaThread "Reference Handler" daemon [_thread_blocked, id=12124, stack(0x0000008299500000,0x0000008299600000)]
  0x00000215c33fb530 JavaThread "Finalizer" daemon [_thread_blocked, id=13944, stack(0x0000008299600000,0x0000008299700000)]
  0x00000215db7729b0 JavaThread "Signal Dispatcher" daemon [_thread_blocked, id=13872, stack(0x0000008299700000,0x0000008299800000)]
  0x00000215db773370 JavaThread "Attach Listener" daemon [_thread_blocked, id=6884, stack(0x0000008299800000,0x0000008299900000)]
  0x00000215db773d30 JavaThread "Service Thread" daemon [_thread_blocked, id=11648, stack(0x0000008299900000,0x0000008299a00000)]
  0x00000215db7746f0 JavaThread "Monitor Deflation Thread" daemon [_thread_blocked, id=6860, stack(0x0000008299a00000,0x0000008299b00000)]
=>0x00000215db7773c0 JavaThread "C2 CompilerThread0" daemon [_thread_in_native, id=13348, stack(0x0000008299b00000,0x0000008299c00000)]
  0x00000215db777d80 JavaThread "C1 CompilerThread0" daemon [_thread_in_vm, id=14876, stack(0x0000008299c00000,0x0000008299d00000)]
  0x00000215db77ee50 JavaThread "Sweeper thread" daemon [_thread_blocked, id=14032, stack(0x0000008299d00000,0x0000008299e00000)]
  0x00000215db9ce280 JavaThread "Notification Thread" daemon [_thread_blocked, id=3848, stack(0x0000008299e00000,0x0000008299f00000)]
  0x00000215db9cfe20 JavaThread "Common-Cleaner" daemon [_thread_blocked, id=14516, stack(0x000000829a000000,0x000000829a100000)]
  0x00000216214a6200 JavaThread "OkHttp TaskRunner" daemon [_thread_blocked, id=8008, stack(0x000000829a500000,0x000000829a600000)]
  0x00000216214a6c50 JavaThread "Okio Watchdog" daemon [_thread_blocked, id=11908, stack(0x000000829a600000,0x000000829a700000)]
  0x00000216223c8c60 JavaThread "JGit-WorkQueue" daemon [_thread_blocked, id=14484, stack(0x000000829a800000,0x000000829a900000)]
  0x00000216223c9170 JavaThread "HttpClient-1-SelectorManager" daemon [_thread_in_native, id=8376, stack(0x0000008298c00000,0x0000008298d00000)]
  0x00000216223c5ed0 JavaThread "nodejs-stream-consumer" daemon [_thread_in_native, id=9628, stack(0x0000008298d00000,0x0000008298e00000)]
  0x00000216223c7820 JavaThread "nodejs-stream-consumer" daemon [_thread_in_native, id=8560, stack(0x000000829a700000,0x000000829a800000)]
  0x00000216223c7310 JavaThread "HttpClient-1-Worker-0" daemon [_thread_blocked, id=8788, stack(0x000000829aa00000,0x000000829ab00000)]
  0x00000216223c63e0 JavaThread "HttpClient-1-Worker-1" daemon [_thread_blocked, id=14536, stack(0x000000829ab00000,0x000000829ac00000)]
  0x00000216223c68f0 JavaThread "HttpClient-1-Worker-2" daemon [_thread_blocked, id=5204, stack(0x000000829ac00000,0x000000829ad00000)]
  0x00000216223c6e00 JavaThread "pool-4-thread-1" [_thread_blocked, id=2908, stack(0x000000829ad00000,0x000000829ae00000)]
  0x00000216223c7d30 JavaThread "WebSocketConnectReadThread-32" [_thread_in_native, id=7684, stack(0x000000829ae00000,0x000000829af00000)]
  0x00000216223c8240 JavaThread "WebSocketWriteThread-33" [_thread_blocked, id=13380, stack(0x000000829af00000,0x000000829b000000)]

Other Threads:
  0x00000215c33f5870 VMThread "VM Thread" [stack: 0x0000008299400000,0x0000008299500000] [id=8084]
  0x00000215db9ceb70 WatcherThread [stack: 0x0000008299f00000,0x000000829a000000] [id=4136]
  0x00000215c3383c00 GCTaskThread "GC Thread#0" [stack: 0x0000008298f00000,0x0000008299000000] [id=1852]
  0x00000215dbbfef30 GCTaskThread "GC Thread#1" [stack: 0x000000829a100000,0x000000829a200000] [id=5692]
  0x00000215c338c590 ConcurrentGCThread "G1 Main Marker" [stack: 0x0000008299000000,0x0000008299100000] [id=4616]
  0x00000215c338cfb0 ConcurrentGCThread "G1 Conc#0" [stack: 0x0000008299100000,0x0000008299200000] [id=13480]
  0x00000215c33c3090 ConcurrentGCThread "G1 Refine#0" [stack: 0x0000008299200000,0x0000008299300000] [id=10752]
  0x00000216213cd040 ConcurrentGCThread "G1 Refine#1" [stack: 0x000000829a300000,0x000000829a400000] [id=12992]
  0x00000215c33c3ac0 ConcurrentGCThread "G1 Service" [stack: 0x0000008299300000,0x0000008299400000] [id=892]

Threads with active compile tasks:
C2 CompilerThread0    96091 6235   !   4       jdk.internal.loader.URLClassPath$JarLoader::getResource (65 bytes)
C1 CompilerThread0    96091 6261       3       java.lang.StringUTF16::checkBoundsBeginEnd (10 bytes)

VM state: not at safepoint (normal execution)

VM Mutex/Monitor currently owned by a thread:  ([mutex/lock_event])
[0x00000215c3340430] Metaspace_lock - owner thread: 0x00000215db777d80
[0x00000215c33421c0] MethodData_lock - owner thread: 0x00000215db777d80

Heap address: 0x00000000c2e00000, size: 978 MB, Compressed Oops mode: 32-bit

CDS archive(s) mapped at: [0x00000215dc000000-0x00000215dca50000-0x00000215dca50000), size 10813440, SharedBaseAddress: 0x00000215dc000000, ArchiveRelocationMode: 1.
Compressed class space mapped at: 0x00000215dd000000-0x000002161d000000, reserved size: 1073741824
Narrow klass base: 0x00000215dc000000, Narrow klass shift: 0, Narrow klass range: 0x100000000

GC Precious Log:
 CPUs: 2 total, 2 available
 Memory: 3911M
 Large Page Support: Disabled
 NUMA Support: Disabled
 Compressed Oops: Enabled (32-bit)
 Heap Region Size: 1M
 Heap Min Capacity: 8M
 Heap Initial Capacity: 62M
 Heap Max Capacity: 978M
 Pre-touch: Disabled
 Parallel Workers: 2
 Concurrent Workers: 1
 Concurrent Refinement Workers: 2
 Periodic GC: Disabled

Heap:
 garbage-first heap   total 176128K, used 115075K [0x00000000c2e00000, 0x0000000100000000)
  region size 1024K, 13 young (13312K), 1 survivors (1024K)
 Metaspace       used 42075K, committed 42496K, reserved 1114112K
  class space    used 5140K, committed 5376K, reserved 1048576K

Heap Regions: E=young(eden), S=young(survivor), O=old, HS=humongous(starts), HC=humongous(continues), CS=collection set, F=free, OA=open archive, CA=closed archive, TAMS=top-at-mark-start (previous, next)
|   0|0x00000000c2e00000, 0x00000000c2f00000, 0x00000000c2f00000|100%| O|  |TAMS 0x00000000c2f00000, 0x00000000c2e00000| Untracked 
|   1|0x00000000c2f00000, 0x00000000c3000000, 0x00000000c3000000|100%| O|  |TAMS 0x00000000c3000000, 0x00000000c2f00000| Untracked 
|   2|0x00000000c3000000, 0x00000000c3100000, 0x00000000c3100000|100%| O|  |TAMS 0x00000000c3100000, 0x00000000c3000000| Untracked 
|   3|0x00000000c3100000, 0x00000000c3200000, 0x00000000c3200000|100%|HS|  |TAMS 0x00000000c3200000, 0x00000000c3100000| Complete 
|   4|0x00000000c3200000, 0x00000000c3300000, 0x00000000c3300000|100%|HC|  |TAMS 0x00000000c3300000, 0x00000000c3200000| Complete 
|   5|0x00000000c3300000, 0x00000000c3400000, 0x00000000c3400000|100%|HC|  |TAMS 0x00000000c3400000, 0x00000000c3300000| Complete 
|   6|0x00000000c3400000, 0x00000000c3500000, 0x00000000c3500000|100%| O|  |TAMS 0x00000000c3500000, 0x00000000c3400000| Untracked 
|   7|0x00000000c3500000, 0x00000000c3600000, 0x00000000c3600000|100%| O|  |TAMS 0x00000000c3600000, 0x00000000c3500000| Untracked 
|   8|0x00000000c3600000, 0x00000000c3700000, 0x00000000c3700000|100%| O|  |TAMS 0x00000000c3700000, 0x00000000c3600000| Untracked 
|   9|0x00000000c3700000, 0x00000000c3800000, 0x00000000c3800000|100%| O|  |TAMS 0x00000000c3800000, 0x00000000c3700000| Untracked 
|  10|0x00000000c3800000, 0x00000000c3900000, 0x00000000c3900000|100%| O|  |TAMS 0x00000000c3900000, 0x00000000c3800000| Untracked 
|  11|0x00000000c3900000, 0x00000000c3a00000, 0x00000000c3a00000|100%| O|  |TAMS 0x00000000c3a00000, 0x00000000c3900000| Untracked 
|  12|0x00000000c3a00000, 0x00000000c3b00000, 0x00000000c3b00000|100%| O|  |TAMS 0x00000000c3b00000, 0x00000000c3a00000| Untracked 
|  13|0x00000000c3b00000, 0x00000000c3c00000, 0x00000000c3c00000|100%| O|  |TAMS 0x00000000c3c00000, 0x00000000c3b00000| Untracked 
|  14|0x00000000c3c00000, 0x00000000c3d00000, 0x00000000c3d00000|100%| O|  |TAMS 0x00000000c3d00000, 0x00000000c3c00000| Untracked 
|  15|0x00000000c3d00000, 0x00000000c3e00000, 0x00000000c3e00000|100%| O|  |TAMS 0x00000000c3e00000, 0x00000000c3d00000| Untracked 
|  16|0x00000000c3e00000, 0x00000000c3f00000, 0x00000000c3f00000|100%| O|  |TAMS 0x00000000c3f00000, 0x00000000c3e00000| Untracked 
|  17|0x00000000c3f00000, 0x00000000c4000000, 0x00000000c4000000|100%| O|  |TAMS 0x00000000c4000000, 0x00000000c3f00000| Untracked 
|  18|0x00000000c4000000, 0x00000000c4100000, 0x00000000c4100000|100%| O|  |TAMS 0x00000000c4100000, 0x00000000c4000000| Untracked 
|  19|0x00000000c4100000, 0x00000000c4200000, 0x00000000c4200000|100%| O|  |TAMS 0x00000000c4200000, 0x00000000c4100000| Untracked 
|  20|0x00000000c4200000, 0x00000000c4300000, 0x00000000c4300000|100%| O|  |TAMS 0x00000000c4300000, 0x00000000c4200000| Untracked 
|  21|0x00000000c4300000, 0x00000000c4400000, 0x00000000c4400000|100%| O|  |TAMS 0x00000000c4400000, 0x00000000c4300000| Untracked 
|  22|0x00000000c4400000, 0x00000000c4500000, 0x00000000c4500000|100%| O|  |TAMS 0x00000000c4500000, 0x00000000c4400000| Untracked 
|  23|0x00000000c4500000, 0x00000000c4600000, 0x00000000c4600000|100%| O|  |TAMS 0x00000000c4600000, 0x00000000c4500000| Untracked 
|  24|0x00000000c4600000, 0x00000000c4700000, 0x00000000c4700000|100%| O|  |TAMS 0x00000000c4700000, 0x00000000c4600000| Untracked 
|  25|0x00000000c4700000, 0x00000000c4800000, 0x00000000c4800000|100%| O|  |TAMS 0x00000000c4800000, 0x00000000c4700000| Untracked 
|  26|0x00000000c4800000, 0x00000000c4900000, 0x00000000c4900000|100%| O|  |TAMS 0x00000000c4900000, 0x00000000c4800000| Untracked 
|  27|0x00000000c4900000, 0x00000000c493e000, 0x00000000c4a00000| 24%| O|  |TAMS 0x00000000c493e000, 0x00000000c4900000| Untracked 
|  28|0x00000000c4a00000, 0x00000000c4b00000, 0x00000000c4b00000|100%|HS|  |TAMS 0x00000000c4b00000, 0x00000000c4a00000| Complete 
|  29|0x00000000c4b00000, 0x00000000c4c00000, 0x00000000c4c00000|100%|HC|  |TAMS 0x00000000c4c00000, 0x00000000c4b00000| Complete 
|  30|0x00000000c4c00000, 0x00000000c4d00000, 0x00000000c4d00000|100%|HC|  |TAMS 0x00000000c4d00000, 0x00000000c4c00000| Complete 
|  31|0x00000000c4d00000, 0x00000000c4e00000, 0x00000000c4e00000|100%|HC|  |TAMS 0x00000000c4e00000, 0x00000000c4d00000| Complete 
|  32|0x00000000c4e00000, 0x00000000c4f00000, 0x00000000c4f00000|100%|HC|  |TAMS 0x00000000c4f00000, 0x00000000c4e00000| Complete 
|  33|0x00000000c4f00000, 0x00000000c5000000, 0x00000000c5000000|100%|HC|  |TAMS 0x00000000c5000000, 0x00000000c4f00000| Complete 
|  34|0x00000000c5000000, 0x00000000c5100000, 0x00000000c5100000|100%|HC|  |TAMS 0x00000000c5100000, 0x00000000c5000000| Complete 
|  35|0x00000000c5100000, 0x00000000c5200000, 0x00000000c5200000|100%|HC|  |TAMS 0x00000000c5200000, 0x00000000c5100000| Complete 
|  36|0x00000000c5200000, 0x00000000c5300000, 0x00000000c5300000|100%|HC|  |TAMS 0x00000000c5300000, 0x00000000c5200000| Complete 
|  37|0x00000000c5300000, 0x00000000c5300000, 0x00000000c5400000|  0%| F|  |TAMS 0x00000000c5300000, 0x00000000c5300000| Untracked 
|  38|0x00000000c5400000, 0x00000000c5400000, 0x00000000c5500000|  0%| F|  |TAMS 0x00000000c5400000, 0x00000000c5400000| Untracked 
|  39|0x00000000c5500000, 0x00000000c5500000, 0x00000000c5600000|  0%| F|  |TAMS 0x00000000c5500000, 0x00000000c5500000| Untracked 
|  40|0x00000000c5600000, 0x00000000c5600000, 0x00000000c5700000|  0%| F|  |TAMS 0x00000000c5600000, 0x00000000c5600000| Untracked 
|  41|0x00000000c5700000, 0x00000000c5700000, 0x00000000c5800000|  0%| F|  |TAMS 0x00000000c5700000, 0x00000000c5700000| Untracked 
|  42|0x00000000c5800000, 0x00000000c5800000, 0x00000000c5900000|  0%| F|  |TAMS 0x00000000c5800000, 0x00000000c5800000| Untracked 
|  43|0x00000000c5900000, 0x00000000c5900000, 0x00000000c5a00000|  0%| F|  |TAMS 0x00000000c5900000, 0x00000000c5900000| Untracked 
|  44|0x00000000c5a00000, 0x00000000c5a00000, 0x00000000c5b00000|  0%| F|  |TAMS 0x00000000c5a00000, 0x00000000c5a00000| Untracked 
|  45|0x00000000c5b00000, 0x00000000c5b00000, 0x00000000c5c00000|  0%| F|  |TAMS 0x00000000c5b00000, 0x00000000c5b00000| Untracked 
|  46|0x00000000c5c00000, 0x00000000c5c00000, 0x00000000c5d00000|  0%| F|  |TAMS 0x00000000c5c00000, 0x00000000c5c00000| Untracked 
|  47|0x00000000c5d00000, 0x00000000c5d00000, 0x00000000c5e00000|  0%| F|  |TAMS 0x00000000c5d00000, 0x00000000c5d00000| Untracked 
|  48|0x00000000c5e00000, 0x00000000c5e00000, 0x00000000c5f00000|  0%| F|  |TAMS 0x00000000c5e00000, 0x00000000c5e00000| Untracked 
|  49|0x00000000c5f00000, 0x00000000c5f00000, 0x00000000c6000000|  0%| F|  |TAMS 0x00000000c5f00000, 0x00000000c5f00000| Untracked 
|  50|0x00000000c6000000, 0x00000000c6000000, 0x00000000c6100000|  0%| F|  |TAMS 0x00000000c6000000, 0x00000000c6000000| Untracked 
|  51|0x00000000c6100000, 0x00000000c6100000, 0x00000000c6200000|  0%| F|  |TAMS 0x00000000c6100000, 0x00000000c6100000| Untracked 
|  52|0x00000000c6200000, 0x00000000c6200000, 0x00000000c6300000|  0%| F|  |TAMS 0x00000000c6200000, 0x00000000c6200000| Untracked 
|  53|0x00000000c6300000, 0x00000000c6300000, 0x00000000c6400000|  0%| F|  |TAMS 0x00000000c6300000, 0x00000000c6300000| Untracked 
|  54|0x00000000c6400000, 0x00000000c6400000, 0x00000000c6500000|  0%| F|  |TAMS 0x00000000c6400000, 0x00000000c6400000| Untracked 
|  55|0x00000000c6500000, 0x00000000c6500000, 0x00000000c6600000|  0%| F|  |TAMS 0x00000000c6500000, 0x00000000c6500000| Untracked 
|  56|0x00000000c6600000, 0x00000000c6600000, 0x00000000c6700000|  0%| F|  |TAMS 0x00000000c6600000, 0x00000000c6600000| Untracked 
|  57|0x00000000c6700000, 0x00000000c6700000, 0x00000000c6800000|  0%| F|  |TAMS 0x00000000c6700000, 0x00000000c6700000| Untracked 
|  58|0x00000000c6800000, 0x00000000c6800000, 0x00000000c6900000|  0%| F|  |TAMS 0x00000000c6800000, 0x00000000c6800000| Untracked 
|  59|0x00000000c6900000, 0x00000000c6900000, 0x00000000c6a00000|  0%| F|  |TAMS 0x00000000c6900000, 0x00000000c6900000| Untracked 
|  60|0x00000000c6a00000, 0x00000000c6a00000, 0x00000000c6b00000|  0%| F|  |TAMS 0x00000000c6a00000, 0x00000000c6a00000| Untracked 
|  61|0x00000000c6b00000, 0x00000000c6b00000, 0x00000000c6c00000|  0%| F|  |TAMS 0x00000000c6b00000, 0x00000000c6b00000| Untracked 
|  62|0x00000000c6c00000, 0x00000000c6c22d30, 0x00000000c6d00000| 13%| S|CS|TAMS 0x00000000c6c00000, 0x00000000c6c00000| Complete 
|  63|0x00000000c6d00000, 0x00000000c6e00000, 0x00000000c6e00000|100%|HS|  |TAMS 0x00000000c6d00000, 0x00000000c6d00000| Complete 
|  64|0x00000000c6e00000, 0x00000000c6f00000, 0x00000000c6f00000|100%|HC|  |TAMS 0x00000000c6e00000, 0x00000000c6e00000| Complete 
|  65|0x00000000c6f00000, 0x00000000c7000000, 0x00000000c7000000|100%|HC|  |TAMS 0x00000000c6f00000, 0x00000000c6f00000| Complete 
|  66|0x00000000c7000000, 0x00000000c7100000, 0x00000000c7100000|100%|HC|  |TAMS 0x00000000c7000000, 0x00000000c7000000| Complete 
|  67|0x00000000c7100000, 0x00000000c7200000, 0x00000000c7200000|100%|HC|  |TAMS 0x00000000c7100000, 0x00000000c7100000| Complete 
|  68|0x00000000c7200000, 0x00000000c7300000, 0x00000000c7300000|100%|HC|  |TAMS 0x00000000c7200000, 0x00000000c7200000| Complete 
|  69|0x00000000c7300000, 0x00000000c7400000, 0x00000000c7400000|100%|HC|  |TAMS 0x00000000c7300000, 0x00000000c7300000| Complete 
|  70|0x00000000c7400000, 0x00000000c7500000, 0x00000000c7500000|100%|HC|  |TAMS 0x00000000c7400000, 0x00000000c7400000| Complete 
|  71|0x00000000c7500000, 0x00000000c7600000, 0x00000000c7600000|100%|HC|  |TAMS 0x00000000c7500000, 0x00000000c7500000| Complete 
|  72|0x00000000c7600000, 0x00000000c7700000, 0x00000000c7700000|100%|HC|  |TAMS 0x00000000c7600000, 0x00000000c7600000| Complete 
|  73|0x00000000c7700000, 0x00000000c7800000, 0x00000000c7800000|100%|HC|  |TAMS 0x00000000c7700000, 0x00000000c7700000| Complete 
|  74|0x00000000c7800000, 0x00000000c7900000, 0x00000000c7900000|100%|HC|  |TAMS 0x00000000c7800000, 0x00000000c7800000| Complete 
|  75|0x00000000c7900000, 0x00000000c7a00000, 0x00000000c7a00000|100%|HC|  |TAMS 0x00000000c7900000, 0x00000000c7900000| Complete 
|  76|0x00000000c7a00000, 0x00000000c7b00000, 0x00000000c7b00000|100%|HC|  |TAMS 0x00000000c7a00000, 0x00000000c7a00000| Complete 
|  77|0x00000000c7b00000, 0x00000000c7c00000, 0x00000000c7c00000|100%|HC|  |TAMS 0x00000000c7b00000, 0x00000000c7b00000| Complete 
|  78|0x00000000c7c00000, 0x00000000c7d00000, 0x00000000c7d00000|100%|HC|  |TAMS 0x00000000c7c00000, 0x00000000c7c00000| Complete 
|  79|0x00000000c7d00000, 0x00000000c7e00000, 0x00000000c7e00000|100%|HC|  |TAMS 0x00000000c7d00000, 0x00000000c7d00000| Complete 
|  80|0x00000000c7e00000, 0x00000000c7f00000, 0x00000000c7f00000|100%|HC|  |TAMS 0x00000000c7e00000, 0x00000000c7e00000| Complete 
|  81|0x00000000c7f00000, 0x00000000c8000000, 0x00000000c8000000|100%|HC|  |TAMS 0x00000000c7f00000, 0x00000000c7f00000| Complete 
|  82|0x00000000c8000000, 0x00000000c8100000, 0x00000000c8100000|100%|HC|  |TAMS 0x00000000c8000000, 0x00000000c8000000| Complete 
|  83|0x00000000c8100000, 0x00000000c8200000, 0x00000000c8200000|100%|HC|  |TAMS 0x00000000c8100000, 0x00000000c8100000| Complete 
|  84|0x00000000c8200000, 0x00000000c8300000, 0x00000000c8300000|100%|HC|  |TAMS 0x00000000c8200000, 0x00000000c8200000| Complete 
|  85|0x00000000c8300000, 0x00000000c8400000, 0x00000000c8400000|100%|HC|  |TAMS 0x00000000c8300000, 0x00000000c8300000| Complete 
|  86|0x00000000c8400000, 0x00000000c8500000, 0x00000000c8500000|100%|HC|  |TAMS 0x00000000c8400000, 0x00000000c8400000| Complete 
|  87|0x00000000c8500000, 0x00000000c8600000, 0x00000000c8600000|100%|HC|  |TAMS 0x00000000c8500000, 0x00000000c8500000| Complete 
|  88|0x00000000c8600000, 0x00000000c8700000, 0x00000000c8700000|100%|HC|  |TAMS 0x00000000c8600000, 0x00000000c8600000| Complete 
|  89|0x00000000c8700000, 0x00000000c8800000, 0x00000000c8800000|100%|HC|  |TAMS 0x00000000c8700000, 0x00000000c8700000| Complete 
|  90|0x00000000c8800000, 0x00000000c8900000, 0x00000000c8900000|100%|HC|  |TAMS 0x00000000c8800000, 0x00000000c8800000| Complete 
|  91|0x00000000c8900000, 0x00000000c8a00000, 0x00000000c8a00000|100%|HC|  |TAMS 0x00000000c8900000, 0x00000000c8900000| Complete 
|  92|0x00000000c8a00000, 0x00000000c8b00000, 0x00000000c8b00000|100%|HC|  |TAMS 0x00000000c8a00000, 0x00000000c8a00000| Complete 
|  93|0x00000000c8b00000, 0x00000000c8c00000, 0x00000000c8c00000|100%|HC|  |TAMS 0x00000000c8b00000, 0x00000000c8b00000| Complete 
|  94|0x00000000c8c00000, 0x00000000c8d00000, 0x00000000c8d00000|100%|HC|  |TAMS 0x00000000c8c00000, 0x00000000c8c00000| Complete 
|  95|0x00000000c8d00000, 0x00000000c8e00000, 0x00000000c8e00000|100%|HC|  |TAMS 0x00000000c8d00000, 0x00000000c8d00000| Complete 
|  96|0x00000000c8e00000, 0x00000000c8f00000, 0x00000000c8f00000|100%|HC|  |TAMS 0x00000000c8e00000, 0x00000000c8e00000| Complete 
|  97|0x00000000c8f00000, 0x00000000c9000000, 0x00000000c9000000|100%|HC|  |TAMS 0x00000000c8f00000, 0x00000000c8f00000| Complete 
|  98|0x00000000c9000000, 0x00000000c9100000, 0x00000000c9100000|100%|HC|  |TAMS 0x00000000c9000000, 0x00000000c9000000| Complete 
|  99|0x00000000c9100000, 0x00000000c9200000, 0x00000000c9200000|100%|HC|  |TAMS 0x00000000c9100000, 0x00000000c9100000| Complete 
| 100|0x00000000c9200000, 0x00000000c9300000, 0x00000000c9300000|100%|HC|  |TAMS 0x00000000c9200000, 0x00000000c9200000| Complete 
| 101|0x00000000c9300000, 0x00000000c9400000, 0x00000000c9400000|100%|HC|  |TAMS 0x00000000c9300000, 0x00000000c9300000| Complete 
| 102|0x00000000c9400000, 0x00000000c9500000, 0x00000000c9500000|100%|HC|  |TAMS 0x00000000c9400000, 0x00000000c9400000| Complete 
| 103|0x00000000c9500000, 0x00000000c9600000, 0x00000000c9600000|100%|HC|  |TAMS 0x00000000c9500000, 0x00000000c9500000| Complete 
| 104|0x00000000c9600000, 0x00000000c9700000, 0x00000000c9700000|100%|HC|  |TAMS 0x00000000c9600000, 0x00000000c9600000| Complete 
| 105|0x00000000c9700000, 0x00000000c9800000, 0x00000000c9800000|100%|HC|  |TAMS 0x00000000c9700000, 0x00000000c9700000| Complete 
| 106|0x00000000c9800000, 0x00000000c9900000, 0x00000000c9900000|100%|HC|  |TAMS 0x00000000c9800000, 0x00000000c9800000| Complete 
| 107|0x00000000c9900000, 0x00000000c9a00000, 0x00000000c9a00000|100%|HC|  |TAMS 0x00000000c9900000, 0x00000000c9900000| Complete 
| 108|0x00000000c9a00000, 0x00000000c9b00000, 0x00000000c9b00000|100%|HC|  |TAMS 0x00000000c9a00000, 0x00000000c9a00000| Complete 
| 109|0x00000000c9b00000, 0x00000000c9c00000, 0x00000000c9c00000|100%|HC|  |TAMS 0x00000000c9b00000, 0x00000000c9b00000| Complete 
| 110|0x00000000c9c00000, 0x00000000c9d00000, 0x00000000c9d00000|100%|HC|  |TAMS 0x00000000c9c00000, 0x00000000c9c00000| Complete 
| 111|0x00000000c9d00000, 0x00000000c9e00000, 0x00000000c9e00000|100%|HC|  |TAMS 0x00000000c9d00000, 0x00000000c9d00000| Complete 
| 112|0x00000000c9e00000, 0x00000000c9f00000, 0x00000000c9f00000|100%|HC|  |TAMS 0x00000000c9e00000, 0x00000000c9e00000| Complete 
| 113|0x00000000c9f00000, 0x00000000ca000000, 0x00000000ca000000|100%|HC|  |TAMS 0x00000000c9f00000, 0x00000000c9f00000| Complete 
| 114|0x00000000ca000000, 0x00000000ca100000, 0x00000000ca100000|100%|HC|  |TAMS 0x00000000ca000000, 0x00000000ca000000| Complete 
| 115|0x00000000ca100000, 0x00000000ca200000, 0x00000000ca200000|100%|HC|  |TAMS 0x00000000ca100000, 0x00000000ca100000| Complete 
| 116|0x00000000ca200000, 0x00000000ca300000, 0x00000000ca300000|100%|HC|  |TAMS 0x00000000ca200000, 0x00000000ca200000| Complete 
| 117|0x00000000ca300000, 0x00000000ca400000, 0x00000000ca400000|100%|HC|  |TAMS 0x00000000ca300000, 0x00000000ca300000| Complete 
| 118|0x00000000ca400000, 0x00000000ca500000, 0x00000000ca500000|100%|HC|  |TAMS 0x00000000ca400000, 0x00000000ca400000| Complete 
| 119|0x00000000ca500000, 0x00000000ca600000, 0x00000000ca600000|100%|HC|  |TAMS 0x00000000ca500000, 0x00000000ca500000| Complete 
| 120|0x00000000ca600000, 0x00000000ca700000, 0x00000000ca700000|100%|HC|  |TAMS 0x00000000ca600000, 0x00000000ca600000| Complete 
| 121|0x00000000ca700000, 0x00000000ca800000, 0x00000000ca800000|100%|HC|  |TAMS 0x00000000ca700000, 0x00000000ca700000| Complete 
| 122|0x00000000ca800000, 0x00000000ca900000, 0x00000000ca900000|100%|HC|  |TAMS 0x00000000ca800000, 0x00000000ca800000| Complete 
| 123|0x00000000ca900000, 0x00000000caa00000, 0x00000000caa00000|100%|HC|  |TAMS 0x00000000ca900000, 0x00000000ca900000| Complete 
| 124|0x00000000caa00000, 0x00000000cab00000, 0x00000000cab00000|100%|HC|  |TAMS 0x00000000caa00000, 0x00000000caa00000| Complete 
| 125|0x00000000cab00000, 0x00000000cac00000, 0x00000000cac00000|100%|HC|  |TAMS 0x00000000cab00000, 0x00000000cab00000| Complete 
| 126|0x00000000cac00000, 0x00000000cad00000, 0x00000000cad00000|100%|HC|  |TAMS 0x00000000cac00000, 0x00000000cac00000| Complete 
| 127|0x00000000cad00000, 0x00000000cae00000, 0x00000000cae00000|100%|HC|  |TAMS 0x00000000cad00000, 0x00000000cad00000| Complete 
| 128|0x00000000cae00000, 0x00000000cae00000, 0x00000000caf00000|  0%| F|  |TAMS 0x00000000cae00000, 0x00000000cae00000| Untracked 
| 129|0x00000000caf00000, 0x00000000caf00000, 0x00000000cb000000|  0%| F|  |TAMS 0x00000000caf00000, 0x00000000caf00000| Untracked 
| 130|0x00000000cb000000, 0x00000000cb000000, 0x00000000cb100000|  0%| F|  |TAMS 0x00000000cb000000, 0x00000000cb000000| Untracked 
| 131|0x00000000cb100000, 0x00000000cb100000, 0x00000000cb200000|  0%| F|  |TAMS 0x00000000cb100000, 0x00000000cb100000| Untracked 
| 132|0x00000000cb200000, 0x00000000cb200000, 0x00000000cb300000|  0%| F|  |TAMS 0x00000000cb200000, 0x00000000cb200000| Untracked 
| 133|0x00000000cb300000, 0x00000000cb300000, 0x00000000cb400000|  0%| F|  |TAMS 0x00000000cb300000, 0x00000000cb300000| Untracked 
| 134|0x00000000cb400000, 0x00000000cb400000, 0x00000000cb500000|  0%| F|  |TAMS 0x00000000cb400000, 0x00000000cb400000| Untracked 
| 135|0x00000000cb500000, 0x00000000cb500000, 0x00000000cb600000|  0%| F|  |TAMS 0x00000000cb500000, 0x00000000cb500000| Untracked 
| 136|0x00000000cb600000, 0x00000000cb600000, 0x00000000cb700000|  0%| F|  |TAMS 0x00000000cb600000, 0x00000000cb600000| Untracked 
| 137|0x00000000cb700000, 0x00000000cb700000, 0x00000000cb800000|  0%| F|  |TAMS 0x00000000cb700000, 0x00000000cb700000| Untracked 
| 138|0x00000000cb800000, 0x00000000cb800000, 0x00000000cb900000|  0%| F|  |TAMS 0x00000000cb800000, 0x00000000cb800000| Untracked 
| 139|0x00000000cb900000, 0x00000000cb900000, 0x00000000cba00000|  0%| F|  |TAMS 0x00000000cb900000, 0x00000000cb900000| Untracked 
| 140|0x00000000cba00000, 0x00000000cba00000, 0x00000000cbb00000|  0%| F|  |TAMS 0x00000000cba00000, 0x00000000cba00000| Untracked 
| 141|0x00000000cbb00000, 0x00000000cbb00000, 0x00000000cbc00000|  0%| F|  |TAMS 0x00000000cbb00000, 0x00000000cbb00000| Untracked 
| 142|0x00000000cbc00000, 0x00000000cbc00000, 0x00000000cbd00000|  0%| F|  |TAMS 0x00000000cbc00000, 0x00000000cbc00000| Untracked 
| 143|0x00000000cbd00000, 0x00000000cbd00000, 0x00000000cbe00000|  0%| F|  |TAMS 0x00000000cbd00000, 0x00000000cbd00000| Untracked 
| 144|0x00000000cbe00000, 0x00000000cbe00000, 0x00000000cbf00000|  0%| F|  |TAMS 0x00000000cbe00000, 0x00000000cbe00000| Untracked 
| 145|0x00000000cbf00000, 0x00000000cbf00000, 0x00000000cc000000|  0%| F|  |TAMS 0x00000000cbf00000, 0x00000000cbf00000| Untracked 
| 146|0x00000000cc000000, 0x00000000cc000000, 0x00000000cc100000|  0%| F|  |TAMS 0x00000000cc000000, 0x00000000cc000000| Untracked 
| 147|0x00000000cc100000, 0x00000000cc100000, 0x00000000cc200000|  0%| F|  |TAMS 0x00000000cc100000, 0x00000000cc100000| Untracked 
| 148|0x00000000cc200000, 0x00000000cc200000, 0x00000000cc300000|  0%| F|  |TAMS 0x00000000cc200000, 0x00000000cc200000| Untracked 
| 149|0x00000000cc300000, 0x00000000cc300000, 0x00000000cc400000|  0%| F|  |TAMS 0x00000000cc300000, 0x00000000cc300000| Untracked 
| 150|0x00000000cc400000, 0x00000000cc400000, 0x00000000cc500000|  0%| F|  |TAMS 0x00000000cc400000, 0x00000000cc400000| Untracked 
| 151|0x00000000cc500000, 0x00000000cc500000, 0x00000000cc600000|  0%| F|  |TAMS 0x00000000cc500000, 0x00000000cc500000| Untracked 
| 152|0x00000000cc600000, 0x00000000cc600000, 0x00000000cc700000|  0%| F|  |TAMS 0x00000000cc600000, 0x00000000cc600000| Untracked 
| 153|0x00000000cc700000, 0x00000000cc700000, 0x00000000cc800000|  0%| F|  |TAMS 0x00000000cc700000, 0x00000000cc700000| Untracked 
| 154|0x00000000cc800000, 0x00000000cc800000, 0x00000000cc900000|  0%| F|  |TAMS 0x00000000cc800000, 0x00000000cc800000| Untracked 
| 155|0x00000000cc900000, 0x00000000cc900000, 0x00000000cca00000|  0%| F|  |TAMS 0x00000000cc900000, 0x00000000cc900000| Untracked 
| 156|0x00000000cca00000, 0x00000000cca00000, 0x00000000ccb00000|  0%| F|  |TAMS 0x00000000cca00000, 0x00000000cca00000| Untracked 
| 157|0x00000000ccb00000, 0x00000000ccb00000, 0x00000000ccc00000|  0%| F|  |TAMS 0x00000000ccb00000, 0x00000000ccb00000| Untracked 
| 158|0x00000000ccc00000, 0x00000000ccc00000, 0x00000000ccd00000|  0%| F|  |TAMS 0x00000000ccc00000, 0x00000000ccc00000| Untracked 
| 159|0x00000000ccd00000, 0x00000000ccd00000, 0x00000000cce00000|  0%| F|  |TAMS 0x00000000ccd00000, 0x00000000ccd00000| Untracked 
| 160|0x00000000cce00000, 0x00000000cceca290, 0x00000000ccf00000| 78%| E|  |TAMS 0x00000000cce00000, 0x00000000cce00000| Complete 
| 161|0x00000000ccf00000, 0x00000000cd000000, 0x00000000cd000000|100%| E|CS|TAMS 0x00000000ccf00000, 0x00000000ccf00000| Complete 
| 162|0x00000000cd000000, 0x00000000cd100000, 0x00000000cd100000|100%| E|CS|TAMS 0x00000000cd000000, 0x00000000cd000000| Complete 
| 163|0x00000000cd100000, 0x00000000cd200000, 0x00000000cd200000|100%| E|CS|TAMS 0x00000000cd100000, 0x00000000cd100000| Complete 
| 164|0x00000000cd200000, 0x00000000cd300000, 0x00000000cd300000|100%| E|CS|TAMS 0x00000000cd200000, 0x00000000cd200000| Complete 
| 165|0x00000000cd300000, 0x00000000cd400000, 0x00000000cd400000|100%| E|CS|TAMS 0x00000000cd300000, 0x00000000cd300000| Complete 
| 166|0x00000000cd400000, 0x00000000cd500000, 0x00000000cd500000|100%| E|CS|TAMS 0x00000000cd400000, 0x00000000cd400000| Complete 
| 167|0x00000000cd500000, 0x00000000cd600000, 0x00000000cd600000|100%| E|CS|TAMS 0x00000000cd500000, 0x00000000cd500000| Complete 
| 168|0x00000000cd600000, 0x00000000cd700000, 0x00000000cd700000|100%| E|CS|TAMS 0x00000000cd600000, 0x00000000cd600000| Complete 
| 169|0x00000000cd700000, 0x00000000cd800000, 0x00000000cd800000|100%| E|CS|TAMS 0x00000000cd700000, 0x00000000cd700000| Complete 
| 170|0x00000000cd800000, 0x00000000cd900000, 0x00000000cd900000|100%| E|CS|TAMS 0x00000000cd800000, 0x00000000cd800000| Complete 
| 171|0x00000000cd900000, 0x00000000cda00000, 0x00000000cda00000|100%| E|CS|TAMS 0x00000000cd900000, 0x00000000cd900000| Complete 

Card table byte_map: [0x00000215c30f0000,0x00000215c32e0000] _byte_map_base: 0x00000215c2ad9000

Marking Bits (Prev, Next): (CMBitMap*) 0x00000215c3384260, (CMBitMap*) 0x00000215c3384220
 Prev Bits: [0x00000215d8470000, 0x00000215d93b8000)
 Next Bits: [0x00000215d7520000, 0x00000215d8468000)

Polling page: 0x00000215c1300000

Metaspace:

Usage:
  Non-class:     36.07 MB used.
      Class:      5.02 MB used.
       Both:     41.09 MB used.

Virtual space:
  Non-class space:       64.00 MB reserved,      36.25 MB ( 57%) committed,  1 nodes.
      Class space:        1.00 GB reserved,       5.25 MB ( <1%) committed,  1 nodes.
             Both:        1.06 GB reserved,      41.50 MB (  4%) committed. 

Chunk freelists:
   Non-Class:  10.76 MB
       Class:  10.67 MB
        Both:  21.42 MB

MaxMetaspaceSize: unlimited
CompressedClassSpaceSize: 1.00 GB
Initial GC threshold: 21.00 MB
Current GC threshold: 66.19 MB
CDS: on
MetaspaceReclaimPolicy: balanced
 - commit_granule_bytes: 65536.
 - commit_granule_words: 8192.
 - virtual_space_node_default_size: 8388608.
 - enlarge_chunks_in_place: 1.
 - new_chunks_are_fully_committed: 0.
 - uncommit_free_chunks: 1.
 - use_allocation_guard: 0.
 - handle_deallocations: 1.


Internal statistics:

num_allocs_failed_limit: 6.
num_arena_births: 438.
num_arena_deaths: 0.
num_vsnodes_births: 2.
num_vsnodes_deaths: 0.
num_space_committed: 664.
num_space_uncommitted: 0.
num_chunks_returned_to_freelist: 6.
num_chunks_taken_from_freelist: 1871.
num_chunk_merges: 6.
num_chunk_splits: 1309.
num_chunks_enlarged: 1013.
num_inconsistent_stats: 0.

CodeHeap 'non-profiled nmethods': size=120064Kb used=3138Kb max_used=3138Kb free=116925Kb
 bounds [0x00000215cfdf0000, 0x00000215d0110000, 0x00000215d7330000]
CodeHeap 'profiled nmethods': size=120000Kb used=10696Kb max_used=10696Kb free=109303Kb
 bounds [0x00000215c8330000, 0x00000215c8db0000, 0x00000215cf860000]
CodeHeap 'non-nmethods': size=5696Kb used=1284Kb max_used=1337Kb free=4411Kb
 bounds [0x00000215cf860000, 0x00000215cfad0000, 0x00000215cfdf0000]
 total_blobs=5959 nmethods=5354 adapters=517
 compilation: enabled
              stopped_count=0, restarted_count=0
 full_count=0

Compilation events (20 events):
Event: 95.831 Thread 0x00000215db777d80 6247       1       com.google.gson.reflect.TypeToken::getType (5 bytes)
Event: 95.832 Thread 0x00000215db777d80 nmethod 6247 0x00000215d0100790 code [0x00000215d0100920, 0x00000215d01009f8]
Event: 95.832 Thread 0x00000215db777d80 6248       3       com.google.gson.internal.Streams$AppendableWriter::write (21 bytes)
Event: 95.832 Thread 0x00000215db777d80 nmethod 6248 0x00000215c8d9ec10 code [0x00000215c8d9ede0, 0x00000215c8d9f118]
Event: 95.832 Thread 0x00000215db777d80 6249       3       java.io.Writer::write (11 bytes)
Event: 95.833 Thread 0x00000215db777d80 nmethod 6249 0x00000215c8d9f290 code [0x00000215c8d9f440, 0x00000215c8d9f728]
Event: 95.834 Thread 0x00000215db777d80 6251       3       com.google.gson.stream.JsonWriter::string (171 bytes)
Event: 95.835 Thread 0x00000215db777d80 nmethod 6251 0x00000215c8d9f890 code [0x00000215c8d9fb20, 0x00000215c8da0a08]
Event: 95.835 Thread 0x00000215db777d80 6252       3       com.google.gson.internal.Streams$AppendableWriter::write (13 bytes)
Event: 95.835 Thread 0x00000215db777d80 nmethod 6252 0x00000215c8da1010 code [0x00000215c8da11c0, 0x00000215c8da13a8]
Event: 95.836 Thread 0x00000215db777d80 6253       3       jdk.internal.reflect.ClassFileAssembler::append (30 bytes)
Event: 95.837 Thread 0x00000215db777d80 nmethod 6253 0x00000215c8da1490 code [0x00000215c8da1680, 0x00000215c8da1b58]
Event: 95.837 Thread 0x00000215db777d80 6254       3       java.lang.reflect.Method::getExceptionTypes (11 bytes)
Event: 95.837 Thread 0x00000215db777d80 nmethod 6254 0x00000215c8da1e10 code [0x00000215c8da1fc0, 0x00000215c8da2288]
Event: 95.839 Thread 0x00000215db777d80 6255       3       com.google.gson.stream.JsonWriter::peek (29 bytes)
Event: 95.839 Thread 0x00000215db777d80 nmethod 6255 0x00000215c8da2390 code [0x00000215c8da2540, 0x00000215c8da2788]
Event: 95.839 Thread 0x00000215db777d80 6256       3       jdk.internal.reflect.DelegatingMethodAccessorImpl::invoke (10 bytes)
Event: 95.839 Thread 0x00000215db777d80 nmethod 6256 0x00000215c8da2890 code [0x00000215c8da2a40, 0x00000215c8da2c08]
Event: 95.842 Thread 0x00000215db777d80 6257       3       java.lang.reflect.Method::invoke (65 bytes)
Event: 95.843 Thread 0x00000215db777d80 nmethod 6257 0x00000215c8da2d10 code [0x00000215c8da2f00, 0x00000215c8da3358]

GC Heap History (20 events):
Event: 61.443 GC heap before
{Heap before GC invocations=29 (full 0):
 garbage-first heap   total 55296K, used 46314K [0x00000000c2e00000, 0x0000000100000000)
  region size 1024K, 26 young (26624K), 1 survivors (1024K)
 Metaspace       used 29936K, committed 30272K, reserved 1114112K
  class space    used 3359K, committed 3520K, reserved 1048576K
}
Event: 61.444 GC heap after
{Heap after GC invocations=30 (full 0):
 garbage-first heap   total 55296K, used 20718K [0x00000000c2e00000, 0x0000000100000000)
  region size 1024K, 1 young (1024K), 1 survivors (1024K)
 Metaspace       used 29936K, committed 30272K, reserved 1114112K
  class space    used 3359K, committed 3520K, reserved 1048576K
}
Event: 62.084 GC heap before
{Heap before GC invocations=30 (full 0):
 garbage-first heap   total 55296K, used 46318K [0x00000000c2e00000, 0x0000000100000000)
  region size 1024K, 26 young (26624K), 1 survivors (1024K)
 Metaspace       used 29936K, committed 30272K, reserved 1114112K
  class space    used 3359K, committed 3520K, reserved 1048576K
}
Event: 62.085 GC heap after
{Heap after GC invocations=31 (full 0):
 garbage-first heap   total 55296K, used 20730K [0x00000000c2e00000, 0x0000000100000000)
  region size 1024K, 1 young (1024K), 1 survivors (1024K)
 Metaspace       used 29936K, committed 30272K, reserved 1114112K
  class space    used 3359K, committed 3520K, reserved 1048576K
}
Event: 63.802 GC heap before
{Heap before GC invocations=31 (full 0):
 garbage-first heap   total 55296K, used 45306K [0x00000000c2e00000, 0x0000000100000000)
  region size 1024K, 26 young (26624K), 1 survivors (1024K)
 Metaspace       used 30717K, committed 31104K, reserved 1114112K
  class space    used 3447K, committed 3648K, reserved 1048576K
}
Event: 63.807 GC heap after
{Heap after GC invocations=32 (full 0):
 garbage-first heap   total 55296K, used 21695K [0x00000000c2e00000, 0x0000000100000000)
  region size 1024K, 2 young (2048K), 2 survivors (2048K)
 Metaspace       used 30717K, committed 31104K, reserved 1114112K
  class space    used 3447K, committed 3648K, reserved 1048576K
}
Event: 65.391 GC heap before
{Heap before GC invocations=32 (full 0):
 garbage-first heap   total 55296K, used 44223K [0x00000000c2e00000, 0x0000000100000000)
  region size 1024K, 25 young (25600K), 2 survivors (2048K)
 Metaspace       used 35197K, committed 35648K, reserved 1114112K
  class space    used 3963K, committed 4160K, reserved 1048576K
}
Event: 65.401 GC heap after
{Heap after GC invocations=33 (full 0):
 garbage-first heap   total 55296K, used 25289K [0x00000000c2e00000, 0x0000000100000000)
  region size 1024K, 4 young (4096K), 4 survivors (4096K)
 Metaspace       used 35197K, committed 35648K, reserved 1114112K
  class space    used 3963K, committed 4160K, reserved 1048576K
}
Event: 65.563 GC heap before
{Heap before GC invocations=33 (full 0):
 garbage-first heap   total 55296K, used 30409K [0x00000000c2e00000, 0x0000000100000000)
  region size 1024K, 10 young (10240K), 4 survivors (4096K)
 Metaspace       used 35558K, committed 35968K, reserved 1114112K
  class space    used 4002K, committed 4224K, reserved 1048576K
}
Event: 65.573 GC heap after
{Heap after GC invocations=34 (full 0):
 garbage-first heap   total 55296K, used 25596K [0x00000000c2e00000, 0x0000000100000000)
  region size 1024K, 2 young (2048K), 2 survivors (2048K)
 Metaspace       used 35558K, committed 35968K, reserved 1114112K
  class space    used 4002K, committed 4224K, reserved 1048576K
}
Event: 66.227 GC heap before
{Heap before GC invocations=35 (full 0):
 garbage-first heap   total 55296K, used 43004K [0x00000000c2e00000, 0x0000000100000000)
  region size 1024K, 19 young (19456K), 2 survivors (2048K)
 Metaspace       used 37890K, committed 38336K, reserved 1114112K
  class space    used 4602K, committed 4800K, reserved 1048576K
}
Event: 66.236 GC heap after
{Heap after GC invocations=36 (full 0):
 garbage-first heap   total 55296K, used 26359K [0x00000000c2e00000, 0x0000000100000000)
  region size 1024K, 2 young (2048K), 2 survivors (2048K)
 Metaspace       used 37890K, committed 38336K, reserved 1114112K
  class space    used 4602K, committed 4800K, reserved 1048576K
}
Event: 67.898 GC heap before
{Heap before GC invocations=36 (full 0):
 garbage-first heap   total 55296K, used 43767K [0x00000000c2e00000, 0x0000000100000000)
  region size 1024K, 19 young (19456K), 2 survivors (2048K)
 Metaspace       used 40082K, committed 40576K, reserved 1114112K
  class space    used 4887K, committed 5120K, reserved 1048576K
}
Event: 67.907 GC heap after
{Heap after GC invocations=37 (full 0):
 garbage-first heap   total 55296K, used 28062K [0x00000000c2e00000, 0x0000000100000000)
  region size 1024K, 3 young (3072K), 3 survivors (3072K)
 Metaspace       used 40082K, committed 40576K, reserved 1114112K
  class space    used 4887K, committed 5120K, reserved 1048576K
}
Event: 70.046 GC heap before
{Heap before GC invocations=37 (full 0):
 garbage-first heap   total 55296K, used 43422K [0x00000000c2e00000, 0x0000000100000000)
  region size 1024K, 18 young (18432K), 3 survivors (3072K)
 Metaspace       used 40180K, committed 40640K, reserved 1114112K
  class space    used 4887K, committed 5120K, reserved 1048576K
}
Event: 70.052 GC heap after
{Heap after GC invocations=38 (full 0):
 garbage-first heap   total 55296K, used 28347K [0x00000000c2e00000, 0x0000000100000000)
  region size 1024K, 1 young (1024K), 1 survivors (1024K)
 Metaspace       used 40180K, committed 40640K, reserved 1114112K
  class space    used 4887K, committed 5120K, reserved 1048576K
}
Event: 70.678 GC heap before
{Heap before GC invocations=39 (full 0):
 garbage-first heap   total 55296K, used 33467K [0x00000000c2e00000, 0x0000000100000000)
  region size 1024K, 7 young (7168K), 1 survivors (1024K)
 Metaspace       used 40244K, committed 40704K, reserved 1114112K
  class space    used 4900K, committed 5120K, reserved 1048576K
}
Event: 70.680 GC heap after
{Heap after GC invocations=40 (full 0):
 garbage-first heap   total 55296K, used 28009K [0x00000000c2e00000, 0x0000000100000000)
  region size 1024K, 1 young (1024K), 1 survivors (1024K)
 Metaspace       used 40244K, committed 40704K, reserved 1114112K
  class space    used 4900K, committed 5120K, reserved 1048576K
}
Event: 70.915 GC heap before
{Heap before GC invocations=41 (full 0):
 garbage-first heap   total 65536K, used 37225K [0x00000000c2e00000, 0x0000000100000000)
  region size 1024K, 2 young (2048K), 1 survivors (1024K)
 Metaspace       used 40290K, committed 40768K, reserved 1114112K
  class space    used 4909K, committed 5120K, reserved 1048576K
}
Event: 70.917 GC heap after
{Heap after GC invocations=42 (full 0):
 garbage-first heap   total 65536K, used 37251K [0x00000000c2e00000, 0x0000000100000000)
  region size 1024K, 1 young (1024K), 1 survivors (1024K)
 Metaspace       used 40290K, committed 40768K, reserved 1114112K
  class space    used 4909K, committed 5120K, reserved 1048576K
}

Dll operation events (9 events):
Event: 0.012 Loaded shared library C:\Users\cz 3\.sonar\cache\11a61a94d383e755b08b4e5890a13d148bc9f95b7149cbbeec62efb8c75a4a67\OpenJDK17U-jre_x64_windows_hotspot_17.0.13_11.zip_extracted\jdk-17.0.13+11-jre\bin\java.dll
Event: 0.083 Loaded shared library C:\Users\cz 3\.sonar\cache\11a61a94d383e755b08b4e5890a13d148bc9f95b7149cbbeec62efb8c75a4a67\OpenJDK17U-jre_x64_windows_hotspot_17.0.13_11.zip_extracted\jdk-17.0.13+11-jre\bin\jsvml.dll
Event: 0.183 Loaded shared library C:\Users\cz 3\.sonar\cache\11a61a94d383e755b08b4e5890a13d148bc9f95b7149cbbeec62efb8c75a4a67\OpenJDK17U-jre_x64_windows_hotspot_17.0.13_11.zip_extracted\jdk-17.0.13+11-jre\bin\net.dll
Event: 0.200 Loaded shared library C:\Users\cz 3\.sonar\cache\11a61a94d383e755b08b4e5890a13d148bc9f95b7149cbbeec62efb8c75a4a67\OpenJDK17U-jre_x64_windows_hotspot_17.0.13_11.zip_extracted\jdk-17.0.13+11-jre\bin\nio.dll
Event: 0.269 Loaded shared library C:\Users\cz 3\.sonar\cache\11a61a94d383e755b08b4e5890a13d148bc9f95b7149cbbeec62efb8c75a4a67\OpenJDK17U-jre_x64_windows_hotspot_17.0.13_11.zip_extracted\jdk-17.0.13+11-jre\bin\zip.dll
Event: 0.340 Loaded shared library C:\Users\cz 3\.sonar\cache\11a61a94d383e755b08b4e5890a13d148bc9f95b7149cbbeec62efb8c75a4a67\OpenJDK17U-jre_x64_windows_hotspot_17.0.13_11.zip_extracted\jdk-17.0.13+11-jre\bin\jimage.dll
Event: 2.278 Loaded shared library C:\Users\cz 3\.sonar\cache\11a61a94d383e755b08b4e5890a13d148bc9f95b7149cbbeec62efb8c75a4a67\OpenJDK17U-jre_x64_windows_hotspot_17.0.13_11.zip_extracted\jdk-17.0.13+11-jre\bin\verify.dll
Event: 2.872 Loaded shared library C:\Users\cz 3\.sonar\cache\11a61a94d383e755b08b4e5890a13d148bc9f95b7149cbbeec62efb8c75a4a67\OpenJDK17U-jre_x64_windows_hotspot_17.0.13_11.zip_extracted\jdk-17.0.13+11-jre\bin\sunmscapi.dll
Event: 4.930 Loaded shared library C:\Users\cz 3\.sonar\cache\11a61a94d383e755b08b4e5890a13d148bc9f95b7149cbbeec62efb8c75a4a67\OpenJDK17U-jre_x64_windows_hotspot_17.0.13_11.zip_extracted\jdk-17.0.13+11-jre\bin\extnet.dll

Deoptimization events (20 events):
Event: 93.906 Thread 0x00000215c3347600 DEOPT PACKING pc=0x00000215c88315b3 sp=0x0000008298efe1d0
Event: 93.906 Thread 0x00000215c3347600 DEOPT UNPACKING pc=0x00000215cf8b7124 sp=0x0000008298efd6a0 mode 0
Event: 93.917 Thread 0x00000215c3347600 DEOPT PACKING pc=0x00000215c88315b3 sp=0x0000008298efe1d0
Event: 93.917 Thread 0x00000215c3347600 DEOPT UNPACKING pc=0x00000215cf8b7124 sp=0x0000008298efd6a0 mode 0
Event: 93.919 Thread 0x00000215c3347600 DEOPT PACKING pc=0x00000215c835deee sp=0x0000008298efe3b0
Event: 93.919 Thread 0x00000215c3347600 DEOPT UNPACKING pc=0x00000215cf8b7124 sp=0x0000008298efd8e8 mode 0
Event: 93.985 Thread 0x00000215c3347600 DEOPT PACKING pc=0x00000215c835deee sp=0x0000008298efe150
Event: 93.985 Thread 0x00000215c3347600 DEOPT UNPACKING pc=0x00000215cf8b7124 sp=0x0000008298efd688 mode 0
Event: 93.993 Thread 0x00000215c3347600 DEOPT PACKING pc=0x00000215c88315b3 sp=0x0000008298efe1d0
Event: 93.993 Thread 0x00000215c3347600 DEOPT UNPACKING pc=0x00000215cf8b7124 sp=0x0000008298efd6a0 mode 0
Event: 94.026 Thread 0x00000215c3347600 Uncommon trap: trap_request=0xffffff45 fr.pc=0x00000215cfed7bfc relative=0x000000000000007c
Event: 94.026 Thread 0x00000215c3347600 Uncommon trap: reason=unstable_if action=reinterpret pc=0x00000215cfed7bfc method=org.sonar.api.batch.fs.internal.charhandler.LineCounter.handleAll(C)V @ 10 c2
Event: 94.026 Thread 0x00000215c3347600 DEOPT PACKING pc=0x00000215cfed7bfc sp=0x0000008298efe1d0
Event: 94.026 Thread 0x00000215c3347600 DEOPT UNPACKING pc=0x00000215cf8b699d sp=0x0000008298efe158 mode 2
Event: 95.456 Thread 0x00000215c3347600 DEOPT PACKING pc=0x00000215c835e055 sp=0x0000008298efe3b0
Event: 95.456 Thread 0x00000215c3347600 DEOPT UNPACKING pc=0x00000215cf8b7124 sp=0x0000008298efd8e8 mode 0
Event: 95.487 Thread 0x00000215c3347600 Uncommon trap: trap_request=0xffffffde fr.pc=0x00000215cfee19a0 relative=0x0000000000000080
Event: 95.487 Thread 0x00000215c3347600 Uncommon trap: reason=class_check action=maybe_recompile pc=0x00000215cfee19a0 method=java.util.AbstractList$RandomAccessSpliterator.getFence()I @ 34 c2
Event: 95.487 Thread 0x00000215c3347600 DEOPT PACKING pc=0x00000215cfee19a0 sp=0x0000008298efd830
Event: 95.487 Thread 0x00000215c3347600 DEOPT UNPACKING pc=0x00000215cf8b699d sp=0x0000008298efd7b0 mode 2

Classes loaded (20 events):
Event: 93.698 Loading class java/util/stream/LongPipeline
Event: 93.699 Loading class java/util/stream/LongStream
Event: 93.699 Loading class java/util/stream/LongStream done
Event: 93.699 Loading class java/util/stream/LongPipeline done
Event: 93.699 Loading class java/util/stream/LongPipeline$StatelessOp done
Event: 93.700 Loading class java/util/stream/ReferencePipeline$5 done
Event: 93.700 Loading class java/util/stream/FindOps$FindSink$OfLong
Event: 93.700 Loading class java/util/stream/Sink$OfLong
Event: 93.701 Loading class java/util/stream/Sink$OfLong done
Event: 93.701 Loading class java/util/stream/FindOps$FindSink$OfLong done
Event: 93.701 Loading class java/util/OptionalLong
Event: 93.701 Loading class java/util/OptionalLong done
Event: 93.702 Loading class java/util/stream/ReferencePipeline$5$1
Event: 93.702 Loading class java/util/stream/ReferencePipeline$5$1 done
Event: 93.747 Loading class java/util/concurrent/CountDownLatch
Event: 93.748 Loading class java/util/concurrent/CountDownLatch done
Event: 93.748 Loading class java/util/concurrent/CountDownLatch$Sync
Event: 93.748 Loading class java/util/concurrent/CountDownLatch$Sync done
Event: 93.753 Loading class java/util/concurrent/locks/AbstractQueuedSynchronizer$SharedNode
Event: 93.753 Loading class java/util/concurrent/locks/AbstractQueuedSynchronizer$SharedNode done

Classes unloaded (0 events):
No events

Classes redefined (0 events):
No events

Internal exceptions (20 events):
Event: 92.528 Thread 0x00000216223c9170 Exception <a 'java/net/ConnectException'{0x00000000cd408c18}: Connection refused: getsockopt> (0x00000000cd408c18) 
thrown [s\src\hotspot\share\prims\jni.cpp, line 535]
Event: 92.634 Thread 0x00000216223c9170 Exception <a 'java/net/ConnectException'{0x00000000cd4093c8}: Connection refused: getsockopt> (0x00000000cd4093c8) 
thrown [s\src\hotspot\share\prims\jni.cpp, line 535]
Event: 92.635 Thread 0x00000216223c9170 Exception <a 'java/net/ConnectException'{0x00000000cd409b78}: Connection refused: getsockopt> (0x00000000cd409b78) 
thrown [s\src\hotspot\share\prims\jni.cpp, line 535]
Event: 92.743 Thread 0x00000216223c9170 Exception <a 'java/net/ConnectException'{0x00000000cd40a328}: Connection refused: getsockopt> (0x00000000cd40a328) 
thrown [s\src\hotspot\share\prims\jni.cpp, line 535]
Event: 92.744 Thread 0x00000216223c9170 Exception <a 'java/net/ConnectException'{0x00000000cd40aad8}: Connection refused: getsockopt> (0x00000000cd40aad8) 
thrown [s\src\hotspot\share\prims\jni.cpp, line 535]
Event: 92.846 Thread 0x00000216223c9170 Exception <a 'java/net/ConnectException'{0x00000000cd40b288}: Connection refused: getsockopt> (0x00000000cd40b288) 
thrown [s\src\hotspot\share\prims\jni.cpp, line 535]
Event: 92.847 Thread 0x00000216223c9170 Exception <a 'java/net/ConnectException'{0x00000000cd40ba38}: Connection refused: getsockopt> (0x00000000cd40ba38) 
thrown [s\src\hotspot\share\prims\jni.cpp, line 535]
Event: 92.949 Thread 0x00000216223c9170 Exception <a 'java/net/ConnectException'{0x00000000cd40c1e8}: Connection refused: getsockopt> (0x00000000cd40c1e8) 
thrown [s\src\hotspot\share\prims\jni.cpp, line 535]
Event: 92.951 Thread 0x00000216223c9170 Exception <a 'java/net/ConnectException'{0x00000000cd40c998}: Connection refused: getsockopt> (0x00000000cd40c998) 
thrown [s\src\hotspot\share\prims\jni.cpp, line 535]
Event: 93.053 Thread 0x00000216223c9170 Exception <a 'java/net/ConnectException'{0x00000000cd40d148}: Connection refused: getsockopt> (0x00000000cd40d148) 
thrown [s\src\hotspot\share\prims\jni.cpp, line 535]
Event: 93.055 Thread 0x00000216223c9170 Exception <a 'java/net/ConnectException'{0x00000000cd487e50}: Connection refused: getsockopt> (0x00000000cd487e50) 
thrown [s\src\hotspot\share\prims\jni.cpp, line 535]
Event: 93.220 Thread 0x00000216223c9170 Exception <a 'java/net/ConnectException'{0x00000000cd488600}: Connection refused: getsockopt> (0x00000000cd488600) 
thrown [s\src\hotspot\share\prims\jni.cpp, line 535]
Event: 93.221 Thread 0x00000216223c9170 Exception <a 'java/net/ConnectException'{0x00000000cd488db0}: Connection refused: getsockopt> (0x00000000cd488db0) 
thrown [s\src\hotspot\share\prims\jni.cpp, line 535]
Event: 93.367 Thread 0x00000216223c9170 Exception <a 'java/net/ConnectException'{0x00000000cd489560}: Connection refused: getsockopt> (0x00000000cd489560) 
thrown [s\src\hotspot\share\prims\jni.cpp, line 535]
Event: 93.368 Thread 0x00000216223c9170 Exception <a 'java/net/ConnectException'{0x00000000cd489d10}: Connection refused: getsockopt> (0x00000000cd489d10) 
thrown [s\src\hotspot\share\prims\jni.cpp, line 535]
Event: 93.483 Thread 0x00000216223c9170 Exception <a 'java/net/ConnectException'{0x00000000cd48a4c0}: Connection refused: getsockopt> (0x00000000cd48a4c0) 
thrown [s\src\hotspot\share\prims\jni.cpp, line 535]
Event: 93.484 Thread 0x00000216223c9170 Exception <a 'java/net/ConnectException'{0x00000000cd48ac70}: Connection refused: getsockopt> (0x00000000cd48ac70) 
thrown [s\src\hotspot\share\prims\jni.cpp, line 535]
Event: 93.704 Thread 0x00000216223c68f0 Exception <a 'java/lang/NoSuchMethodError'{0x00000000cd4d6c28}: 'java.lang.Object java.lang.invoke.DirectMethodHandle$Holder.newInvokeSpecial(java.lang.Object, java.lang.Object, long, java.lang.Object, java.lang.Object, java.lang.Object)'> (0x00000000cd4d6c28) 
thrown [s\src\hotspot\share\interpreter\linkResolver.cpp, line 759]
Event: 93.727 Thread 0x00000215c3347600 Exception <a 'java/lang/NoSuchMethodError'{0x00000000cd45d5b8}: 'void java.lang.invoke.DirectMethodHandle$Holder.invokeVirtual(java.lang.Object, java.lang.Object)'> (0x00000000cd45d5b8) 
thrown [s\src\hotspot\share\interpreter\linkResolver.cpp, line 759]
Event: 95.486 Thread 0x00000215c3347600 Exception <a 'java/lang/IncompatibleClassChangeError'{0x00000000ccf80320}: Found class java.lang.Object, but interface was expected> (0x00000000ccf80320) 
thrown [s\src\hotspot\share\interpreter\linkResolver.cpp, line 826]

VM Operations (20 events):
Event: 86.586 Executing VM operation: Cleanup
Event: 86.587 Executing VM operation: Cleanup done
Event: 88.587 Executing VM operation: Cleanup
Event: 88.587 Executing VM operation: Cleanup done
Event: 90.588 Executing VM operation: Cleanup
Event: 90.588 Executing VM operation: Cleanup done
Event: 91.588 Executing VM operation: Cleanup
Event: 91.588 Executing VM operation: Cleanup done
Event: 93.591 Executing VM operation: Cleanup
Event: 93.592 Executing VM operation: Cleanup done
Event: 93.686 Executing VM operation: HandshakeAllThreads
Event: 93.686 Executing VM operation: HandshakeAllThreads done
Event: 93.687 Executing VM operation: HandshakeAllThreads
Event: 93.687 Executing VM operation: HandshakeAllThreads done
Event: 93.717 Executing VM operation: HandshakeAllThreads
Event: 93.717 Executing VM operation: HandshakeAllThreads done
Event: 94.718 Executing VM operation: Cleanup
Event: 94.718 Executing VM operation: Cleanup done
Event: 95.718 Executing VM operation: Cleanup
Event: 95.719 Executing VM operation: Cleanup done

Memory protections (0 events):
No events

Nmethod flushes (20 events):
Event: 64.594 Thread 0x00000215db77ee50 flushing  nmethod 0x00000215c8c16610
Event: 64.594 Thread 0x00000215db77ee50 flushing  nmethod 0x00000215c8c17f10
Event: 64.594 Thread 0x00000215db77ee50 flushing  nmethod 0x00000215c8c19590
Event: 64.594 Thread 0x00000215db77ee50 flushing  nmethod 0x00000215c8c24990
Event: 64.594 Thread 0x00000215db77ee50 flushing  nmethod 0x00000215c8c26190
Event: 64.594 Thread 0x00000215db77ee50 flushing  nmethod 0x00000215c8c26590
Event: 64.594 Thread 0x00000215db77ee50 flushing  nmethod 0x00000215c8c28390
Event: 64.594 Thread 0x00000215db77ee50 flushing  nmethod 0x00000215c8c2a990
Event: 64.594 Thread 0x00000215db77ee50 flushing  nmethod 0x00000215c8c2ca90
Event: 64.594 Thread 0x00000215db77ee50 flushing  nmethod 0x00000215c8c2ea90
Event: 64.594 Thread 0x00000215db77ee50 flushing  nmethod 0x00000215c8c49090
Event: 64.594 Thread 0x00000215db77ee50 flushing  nmethod 0x00000215c8c4c090
Event: 64.594 Thread 0x00000215db77ee50 flushing  nmethod 0x00000215c8c4de90
Event: 64.594 Thread 0x00000215db77ee50 flushing  nmethod 0x00000215c8c5c210
Event: 64.594 Thread 0x00000215db77ee50 flushing  nmethod 0x00000215c8c66f90
Event: 64.594 Thread 0x00000215db77ee50 flushing  nmethod 0x00000215c8c68a10
Event: 64.594 Thread 0x00000215db77ee50 flushing  nmethod 0x00000215c8c6d390
Event: 64.594 Thread 0x00000215db77ee50 flushing  nmethod 0x00000215c8c6f990
Event: 64.594 Thread 0x00000215db77ee50 flushing osr nmethod 0x00000215c8c78290
Event: 64.595 Thread 0x00000215db77ee50 flushing  nmethod 0x00000215c8c90810

Events (20 events):
Event: 58.647 Thread 0x00000216223c5ed0 Thread exited: 0x00000216223c5ed0
Event: 64.143 Thread 0x00000215c3347600 Thread added: 0x00000216223c9170
Event: 64.651 Thread 0x00000215c3347600 Thread added: 0x00000216223c7820
Event: 64.783 Thread 0x00000216223c7820 Thread exited: 0x00000216223c7820
Event: 82.934 Thread 0x00000215c3347600 Thread added: 0x00000216223c5ed0
Event: 82.934 Thread 0x00000215c3347600 Thread added: 0x00000216223c7820
Event: 83.077 Thread 0x00000216223c5ed0 Thread exited: 0x00000216223c5ed0
Event: 83.077 Thread 0x00000216223c7820 Thread exited: 0x00000216223c7820
Event: 83.102 Thread 0x00000215c3347600 Thread added: 0x00000216223c8240
Event: 83.102 Thread 0x00000215c3347600 Thread added: 0x00000216223c5ed0
Event: 83.221 Thread 0x00000216223c8240 Thread exited: 0x00000216223c8240
Event: 83.221 Thread 0x00000216223c5ed0 Thread exited: 0x00000216223c5ed0
Event: 83.232 Thread 0x00000215c3347600 Thread added: 0x00000216223c5ed0
Event: 83.232 Thread 0x00000215c3347600 Thread added: 0x00000216223c7820
Event: 83.514 Thread 0x00000216223c9170 Thread added: 0x00000216223c7310
Event: 84.655 Thread 0x00000216223c9170 Thread added: 0x00000216223c63e0
Event: 93.594 Thread 0x00000216223c9170 Thread added: 0x00000216223c68f0
Event: 93.728 Thread 0x00000215c3347600 Thread added: 0x00000216223c6e00
Event: 93.753 Thread 0x00000215c3347600 Thread added: 0x00000216223c7d30
Event: 93.777 Thread 0x00000216223c7d30 Thread added: 0x00000216223c8240


Dynamic libraries:
0x00007ff73d1b0000 - 0x00007ff73d1be000 	C:\Users\cz 3\.sonar\cache\11a61a94d383e755b08b4e5890a13d148bc9f95b7149cbbeec62efb8c75a4a67\OpenJDK17U-jre_x64_windows_hotspot_17.0.13_11.zip_extracted\jdk-17.0.13+11-jre\bin\java.exe
0x00007ffbeb670000 - 0x00007ffbeb887000 	C:\WINDOWS\SYSTEM32\ntdll.dll
0x00007ffbea270000 - 0x00007ffbea334000 	C:\WINDOWS\System32\KERNEL32.DLL
0x00007ffbe8be0000 - 0x00007ffbe8fb2000 	C:\WINDOWS\System32\KERNELBASE.dll
0x00007ffbe89c0000 - 0x00007ffbe8ad1000 	C:\WINDOWS\System32\ucrtbase.dll
0x00007ffbadb20000 - 0x00007ffbadb37000 	C:\Users\cz 3\.sonar\cache\11a61a94d383e755b08b4e5890a13d148bc9f95b7149cbbeec62efb8c75a4a67\OpenJDK17U-jre_x64_windows_hotspot_17.0.13_11.zip_extracted\jdk-17.0.13+11-jre\bin\jli.dll
0x00007ffbadb00000 - 0x00007ffbadb1e000 	C:\Users\cz 3\.sonar\cache\11a61a94d383e755b08b4e5890a13d148bc9f95b7149cbbeec62efb8c75a4a67\OpenJDK17U-jre_x64_windows_hotspot_17.0.13_11.zip_extracted\jdk-17.0.13+11-jre\bin\VCRUNTIME140.dll
0x00007ffbe9e50000 - 0x00007ffbea001000 	C:\WINDOWS\System32\USER32.dll
0x00007ffbce150000 - 0x00007ffbce3eb000 	C:\WINDOWS\WinSxS\amd64_microsoft.windows.common-controls_6595b64144ccf1df_6.0.22621.5547_none_27104afb73855772\COMCTL32.dll
0x00007ffbe88a0000 - 0x00007ffbe88c6000 	C:\WINDOWS\System32\win32u.dll
0x00007ffbe9e20000 - 0x00007ffbe9e49000 	C:\WINDOWS\System32\GDI32.dll
0x00007ffbe8fc0000 - 0x00007ffbe90e3000 	C:\WINDOWS\System32\gdi32full.dll
0x00007ffbe9260000 - 0x00007ffbe92fa000 	C:\WINDOWS\System32\msvcp_win.dll
0x00007ffbea010000 - 0x00007ffbea0b7000 	C:\WINDOWS\System32\msvcrt.dll
0x00007ffbe9860000 - 0x00007ffbe9891000 	C:\WINDOWS\System32\IMM32.DLL
0x00007ffbdc7a0000 - 0x00007ffbdc7ac000 	C:\Users\cz 3\.sonar\cache\11a61a94d383e755b08b4e5890a13d148bc9f95b7149cbbeec62efb8c75a4a67\OpenJDK17U-jre_x64_windows_hotspot_17.0.13_11.zip_extracted\jdk-17.0.13+11-jre\bin\vcruntime140_1.dll
0x00007ffb9f9d0000 - 0x00007ffb9fa5d000 	C:\Users\cz 3\.sonar\cache\11a61a94d383e755b08b4e5890a13d148bc9f95b7149cbbeec62efb8c75a4a67\OpenJDK17U-jre_x64_windows_hotspot_17.0.13_11.zip_extracted\jdk-17.0.13+11-jre\bin\msvcp140.dll
0x00007ffb8c140000 - 0x00007ffb8cdab000 	C:\Users\cz 3\.sonar\cache\11a61a94d383e755b08b4e5890a13d148bc9f95b7149cbbeec62efb8c75a4a67\OpenJDK17U-jre_x64_windows_hotspot_17.0.13_11.zip_extracted\jdk-17.0.13+11-jre\bin\server\jvm.dll
0x00007ffbeb570000 - 0x00007ffbeb621000 	C:\WINDOWS\System32\ADVAPI32.dll
0x00007ffbe9430000 - 0x00007ffbe94d8000 	C:\WINDOWS\System32\sechost.dll
0x00007ffbe88d0000 - 0x00007ffbe88f8000 	C:\WINDOWS\System32\bcrypt.dll
0x00007ffbe9300000 - 0x00007ffbe9414000 	C:\WINDOWS\System32\RPCRT4.dll
0x00007ffbe9d30000 - 0x00007ffbe9da1000 	C:\WINDOWS\System32\WS2_32.dll
0x00007ffbe8630000 - 0x00007ffbe867d000 	C:\WINDOWS\SYSTEM32\POWRPROF.dll
0x00007ffbe0e10000 - 0x00007ffbe0e44000 	C:\WINDOWS\SYSTEM32\WINMM.dll
0x00007ffbe11d0000 - 0x00007ffbe11da000 	C:\WINDOWS\SYSTEM32\VERSION.dll
0x00007ffbe8610000 - 0x00007ffbe8623000 	C:\WINDOWS\SYSTEM32\UMPDC.dll
0x00007ffbe7790000 - 0x00007ffbe77a8000 	C:\WINDOWS\SYSTEM32\kernel.appcore.dll
0x00007ffbcad00000 - 0x00007ffbcad0a000 	C:\Users\cz 3\.sonar\cache\11a61a94d383e755b08b4e5890a13d148bc9f95b7149cbbeec62efb8c75a4a67\OpenJDK17U-jre_x64_windows_hotspot_17.0.13_11.zip_extracted\jdk-17.0.13+11-jre\bin\jimage.dll
0x00007ffbe6360000 - 0x00007ffbe6593000 	C:\WINDOWS\SYSTEM32\DBGHELP.DLL
0x00007ffbea3c0000 - 0x00007ffbea753000 	C:\WINDOWS\System32\combase.dll
0x00007ffbe9540000 - 0x00007ffbe9617000 	C:\WINDOWS\System32\OLEAUT32.dll
0x00007ffbc52b0000 - 0x00007ffbc52e2000 	C:\WINDOWS\SYSTEM32\dbgcore.DLL
0x00007ffbe8b60000 - 0x00007ffbe8bdb000 	C:\WINDOWS\System32\bcryptPrimitives.dll
0x00007ffbadad0000 - 0x00007ffbadaf5000 	C:\Users\cz 3\.sonar\cache\11a61a94d383e755b08b4e5890a13d148bc9f95b7149cbbeec62efb8c75a4a67\OpenJDK17U-jre_x64_windows_hotspot_17.0.13_11.zip_extracted\jdk-17.0.13+11-jre\bin\java.dll
0x00007ffb9cf60000 - 0x00007ffb9d037000 	C:\Users\cz 3\.sonar\cache\11a61a94d383e755b08b4e5890a13d148bc9f95b7149cbbeec62efb8c75a4a67\OpenJDK17U-jre_x64_windows_hotspot_17.0.13_11.zip_extracted\jdk-17.0.13+11-jre\bin\jsvml.dll
0x00007ffbeacc0000 - 0x00007ffbeb562000 	C:\WINDOWS\System32\SHELL32.dll
0x00007ffbe8760000 - 0x00007ffbe889f000 	C:\WINDOWS\System32\wintypes.dll
0x00007ffbe6690000 - 0x00007ffbe6fad000 	C:\WINDOWS\SYSTEM32\windows.storage.dll
0x00007ffbea7d0000 - 0x00007ffbea8dc000 	C:\WINDOWS\System32\SHCORE.dll
0x00007ffbe9db0000 - 0x00007ffbe9e19000 	C:\WINDOWS\System32\shlwapi.dll
0x00007ffbe8690000 - 0x00007ffbe86bb000 	C:\WINDOWS\SYSTEM32\profapi.dll
0x00007ffba9ba0000 - 0x00007ffba9bb9000 	C:\Users\cz 3\.sonar\cache\11a61a94d383e755b08b4e5890a13d148bc9f95b7149cbbeec62efb8c75a4a67\OpenJDK17U-jre_x64_windows_hotspot_17.0.13_11.zip_extracted\jdk-17.0.13+11-jre\bin\net.dll
0x00007ffbe0170000 - 0x00007ffbe029c000 	C:\WINDOWS\SYSTEM32\WINHTTP.dll
0x00007ffbe7c10000 - 0x00007ffbe7c79000 	C:\WINDOWS\system32\mswsock.dll
0x00007ffba97a0000 - 0x00007ffba97b6000 	C:\Users\cz 3\.sonar\cache\11a61a94d383e755b08b4e5890a13d148bc9f95b7149cbbeec62efb8c75a4a67\OpenJDK17U-jre_x64_windows_hotspot_17.0.13_11.zip_extracted\jdk-17.0.13+11-jre\bin\nio.dll
0x00007ffba9780000 - 0x00007ffba9798000 	C:\Users\cz 3\.sonar\cache\11a61a94d383e755b08b4e5890a13d148bc9f95b7149cbbeec62efb8c75a4a67\OpenJDK17U-jre_x64_windows_hotspot_17.0.13_11.zip_extracted\jdk-17.0.13+11-jre\bin\zip.dll
0x00007ffbe7e60000 - 0x00007ffbe7e7b000 	C:\WINDOWS\SYSTEM32\CRYPTSP.dll
0x00007ffbe76f0000 - 0x00007ffbe7727000 	C:\WINDOWS\system32\rsaenh.dll
0x00007ffbe7d00000 - 0x00007ffbe7d28000 	C:\WINDOWS\SYSTEM32\USERENV.dll
0x00007ffbe7e80000 - 0x00007ffbe7e8c000 	C:\WINDOWS\SYSTEM32\CRYPTBASE.dll
0x00007ffbe7250000 - 0x00007ffbe727d000 	C:\WINDOWS\SYSTEM32\IPHLPAPI.DLL
0x00007ffbea260000 - 0x00007ffbea269000 	C:\WINDOWS\System32\NSI.dll
0x00007ffbdfba0000 - 0x00007ffbdfbb9000 	C:\WINDOWS\SYSTEM32\dhcpcsvc6.DLL
0x00007ffbdf810000 - 0x00007ffbdf82f000 	C:\WINDOWS\SYSTEM32\dhcpcsvc.DLL
0x00007ffbe72d0000 - 0x00007ffbe73c8000 	C:\WINDOWS\SYSTEM32\DNSAPI.dll
0x00007ffbc9fd0000 - 0x00007ffbc9fe0000 	C:\Users\cz 3\.sonar\cache\11a61a94d383e755b08b4e5890a13d148bc9f95b7149cbbeec62efb8c75a4a67\OpenJDK17U-jre_x64_windows_hotspot_17.0.13_11.zip_extracted\jdk-17.0.13+11-jre\bin\verify.dll
0x00007ffbc8b70000 - 0x00007ffbc8b7e000 	C:\Users\cz 3\.sonar\cache\11a61a94d383e755b08b4e5890a13d148bc9f95b7149cbbeec62efb8c75a4a67\OpenJDK17U-jre_x64_windows_hotspot_17.0.13_11.zip_extracted\jdk-17.0.13+11-jre\bin\sunmscapi.dll
0x00007ffbe90f0000 - 0x00007ffbe9257000 	C:\WINDOWS\System32\CRYPT32.dll
0x00007ffbe8020000 - 0x00007ffbe804d000 	C:\WINDOWS\SYSTEM32\ncrypt.dll
0x00007ffbe7fe0000 - 0x00007ffbe8017000 	C:\WINDOWS\SYSTEM32\NTASN1.dll
0x00007ffbe7ec0000 - 0x00007ffbe7ed2000 	C:\WINDOWS\SYSTEM32\MSASN1.dll
0x00007ffbe7ca0000 - 0x00007ffbe7cc6000 	C:\WINDOWS\SYSTEM32\gpapi.dll
0x00007ffbb7f00000 - 0x00007ffbb7f6a000 	C:\WINDOWS\system32\ncryptprov.dll
0x00007ffbcacb0000 - 0x00007ffbcacba000 	C:\Windows\System32\rasadhlp.dll
0x00007ffbdcb00000 - 0x00007ffbdcb84000 	C:\WINDOWS\System32\fwpuclnt.dll
0x00007ffbc7350000 - 0x00007ffbc7359000 	C:\Users\cz 3\.sonar\cache\11a61a94d383e755b08b4e5890a13d148bc9f95b7149cbbeec62efb8c75a4a67\OpenJDK17U-jre_x64_windows_hotspot_17.0.13_11.zip_extracted\jdk-17.0.13+11-jre\bin\extnet.dll
0x00007ffbb2840000 - 0x00007ffbb2848000 	C:\WINDOWS\system32\wshunix.dll
0x00007ffbe5170000 - 0x00007ffbe5207000 	C:\WINDOWS\system32\apphelp.dll

dbghelp: loaded successfully - version: 4.0.5 - missing functions: none
symbol engine: initialized successfully - sym options: 0x614 - pdb path: .;C:\Users\cz 3\.sonar\cache\11a61a94d383e755b08b4e5890a13d148bc9f95b7149cbbeec62efb8c75a4a67\OpenJDK17U-jre_x64_windows_hotspot_17.0.13_11.zip_extracted\jdk-17.0.13+11-jre\bin;C:\WINDOWS\SYSTEM32;C:\WINDOWS\WinSxS\amd64_microsoft.windows.common-controls_6595b64144ccf1df_6.0.22621.5547_none_27104afb73855772;C:\Users\cz 3\.sonar\cache\11a61a94d383e755b08b4e5890a13d148bc9f95b7149cbbeec62efb8c75a4a67\OpenJDK17U-jre_x64_windows_hotspot_17.0.13_11.zip_extracted\jdk-17.0.13+11-jre\bin\server

VM Arguments:
jvm_args: -Dorg.bouncycastle.pkcs12.ignore_useless_passwd=true 
java_command: C:\Users\cz 3\.sonar\cache\5370664af11ed9502c5e9da2fca3e7b2465b6b01c7248962ef899d0551837b42\sonar-scanner-engine-shaded-25.10.0.114319-all.jar
java_class_path (initial): C:\Users\cz 3\.sonar\cache\5370664af11ed9502c5e9da2fca3e7b2465b6b01c7248962ef899d0551837b42\sonar-scanner-engine-shaded-25.10.0.114319-all.jar
Launcher Type: SUN_STANDARD

[Global flags]
     intx CICompilerCount                          = 2                                         {product} {ergonomic}
     uint ConcGCThreads                            = 1                                         {product} {ergonomic}
     uint G1ConcRefinementThreads                  = 2                                         {product} {ergonomic}
   size_t G1HeapRegionSize                         = 1048576                                   {product} {ergonomic}
    uintx GCDrainStackTargetSize                   = 64                                        {product} {ergonomic}
   size_t InitialHeapSize                          = 65011712                                  {product} {ergonomic}
   size_t MarkStackSize                            = 4194304                                   {product} {ergonomic}
   size_t MaxHeapSize                              = 1025507328                                {product} {ergonomic}
   size_t MaxNewSize                               = 614465536                                 {product} {ergonomic}
   size_t MinHeapDeltaBytes                        = 1048576                                   {product} {ergonomic}
   size_t MinHeapSize                              = 8388608                                   {product} {ergonomic}
    uintx NonNMethodCodeHeapSize                   = 5826188                                {pd product} {ergonomic}
    uintx NonProfiledCodeHeapSize                  = 122916026                              {pd product} {ergonomic}
    uintx ProfiledCodeHeapSize                     = 122916026                              {pd product} {ergonomic}
    uintx ReservedCodeCacheSize                    = 251658240                              {pd product} {ergonomic}
     bool SegmentedCodeCache                       = true                                      {product} {ergonomic}
   size_t SoftMaxHeapSize                          = 1025507328                             {manageable} {ergonomic}
     bool UseCompressedClassPointers               = true                           {product lp64_product} {ergonomic}
     bool UseCompressedOops                        = true                           {product lp64_product} {ergonomic}
     bool UseG1GC                                  = true                                      {product} {ergonomic}
     bool UseLargePagesIndividualAllocation        = false                                  {pd product} {ergonomic}

Logging:
Log output configuration:
 #0: stdout all=warning uptime,level,tags
 #1: stderr all=off uptime,level,tags

Environment Variables:
JAVA_HOME=C:\sonar-scanner-7.3.0.5189-windows-x64\bin\..\jre
PATH=C:\Program Files\Common Files\Oracle\Java\javapath;C:\WINDOWS\system32;C:\WINDOWS;C:\WINDOWS\System32\Wbem;C:\WINDOWS\System32\WindowsPowerShell\v1.0\;C:\WINDOWS\System32\OpenSSH\;C:\Program Files\Git\cmd;C:\Program Files\nodejs\;C:\Users\cz 3\AppData\Local\Programs\Python\Launcher\;C:\Users\cz 3\AppData\Local\Microsoft\WindowsApps;C:\Users\cz 3\AppData\Local\Programs\Microsoft VS Code\bin;C:\Users\cz 3\AppData\Roaming\npm;
USERNAME=cz 3
OS=Windows_NT
PROCESSOR_IDENTIFIER=Intel64 Family 6 Model 122 Stepping 8, GenuineIntel
TMP=C:\Users\CZ3~1\AppData\Local\Temp
TEMP=C:\Users\CZ3~1\AppData\Local\Temp



Periodic native trim disabled


---------------  S Y S T E M  ---------------

OS:
 Windows 11 , 64 bit Build 22621 (10.0.22621.5415)
OS uptime: 3 days 18:13 hours

CPU: total 2 (initial active 2) (2 cores per cpu, 1 threads per core) family 6 model 122 stepping 8 microcode 0x22, cx8, cmov, fxsr, mmx, 3dnowpref, sse, sse2, sse3, ssse3, sse4.1, sse4.2, popcnt, tsc, tscinvbit, aes, erms, clmul, sha, clflush, clflushopt
Processor Information for all 2 processors :
  Max Mhz: 1101, Current Mhz: 1101, Mhz Limit: 1101

Memory: 4k page, system-wide physical 3911M (321M free)
TotalPageFile size 8911M (AvailPageFile size 1M)
current process WorkingSet (physical memory assigned to process): 248M, peak: 250M
current process commit charge ("private bytes"): 359M, peak: 362M

vm_info: OpenJDK 64-Bit Server VM (17.0.13+11) for windows-amd64 JRE (17.0.13+11), built on Oct 16 2024 00:10:08 by "admin" with MS VC++ 17.7 (VS2022)

END.
